#-----------------------------------------------------------
# Vivado v2018.1 (64-bit)
# SW Build 2188600 on Wed Apr  4 18:40:38 MDT 2018
# IP Build 2185939 on Wed Apr  4 20:55:05 MDT 2018
# Start of session at: Sun Jun 11 02:42:40 2023
# Process ID: 19324
# Current directory: C:/Users/accha/Desktop/Nanoprocessor_Design
# Command line: vivado.exe -gui_launcher_event rodinguilauncherevent8156 C:\Users\accha\Desktop\Nanoprocessor_Design\Nanoprocessor_Design.xpr
# Log file: C:/Users/accha/Desktop/Nanoprocessor_Design/vivado.log
# Journal file: C:/Users/accha/Desktop/Nanoprocessor_Design\vivado.jou
#-----------------------------------------------------------
start_gui
open_project C:/Users/accha/Desktop/Nanoprocessor_Design/Nanoprocessor_Design.xpr
INFO: [Project 1-313] Project file moved from 'C:/Users/accha/Desktop/XDC  Update' since last save.
Scanning sources...
Finished scanning sources
INFO: [IP_Flow 19-234] Refreshing IP repositories
INFO: [IP_Flow 19-1704] No user IP repositories specified
INFO: [IP_Flow 19-2313] Loaded Vivado IP repository 'D:/Xilinx_Vivado/Vivado/2018.1/data/ip'.
update_compile_order -fileset sources_1
exit
INFO: [Common 17-206] Exiting Vivado at Sun Jun 11 02:43:00 2023...
