#-----------------------------------------------------------
# Vivado v2018.1 (64-bit)
# SW Build 2188600 on Wed Apr  4 18:40:38 MDT 2018
# IP Build 2185939 on Wed Apr  4 20:55:05 MDT 2018
# Start of session at: Fri Jun  2 14:04:32 2023
# Process ID: 12900
# Current directory: C:/Users/accha/Desktop/Nanoprocessor_Design
# Command line: vivado.exe -gui_launcher_event rodinguilauncherevent9380 C:\Users\accha\Desktop\Nanoprocessor_Design\register_bank.xpr
# Log file: C:/Users/accha/Desktop/Nanoprocessor_Design/vivado.log
# Journal file: C:/Users/accha/Desktop/Nanoprocessor_Design\vivado.jou
#-----------------------------------------------------------
start_gui
open_project C:/Users/accha/Desktop/Nanoprocessor_Design/register_bank.xpr
Scanning sources...
Finished scanning sources
INFO: [IP_Flow 19-234] Refreshing IP repositories
INFO: [IP_Flow 19-1704] No user IP repositories specified
INFO: [IP_Flow 19-2313] Loaded Vivado IP repository 'D:/Xilinx_Vivado/Vivado/2018.1/data/ip'.
update_compile_order -fileset sources_1
add_files -norecurse -scan_for_includes {{C:/Users/accha/Desktop/Main repo clone/Nanoprocessor_Design/Nanoprocessor_Design.srcs/sources_1/imports/new/Decoder_2_to_4.vhd}}
import_files -norecurse {{C:/Users/accha/Desktop/Main repo clone/Nanoprocessor_Design/Nanoprocessor_Design.srcs/sources_1/imports/new/Decoder_2_to_4.vhd}}
update_compile_order -fileset sources_1
set_property top register_bank [current_fileset]
update_compile_order -fileset sources_1
