#-----------------------------------------------------------
# Vivado v2018.1 (64-bit)
# SW Build 2188600 on Wed Apr  4 18:40:38 MDT 2018
# IP Build 2185939 on Wed Apr  4 20:55:05 MDT 2018
# Start of session at: Sat Jun 10 20:59:43 2023
# Process ID: 19272
# Current directory: C:/Users/accha/Desktop/XDC  Update
# Command line: vivado.exe -gui_launcher_event rodinguilauncherevent19268 C:\Users\accha\Desktop\XDC  Update\Nanoprocessor_Design.xpr
# Log file: C:/Users/accha/Desktop/XDC  Update/vivado.log
# Journal file: C:/Users/accha/Desktop/XDC  Update\vivado.jou
#-----------------------------------------------------------
start_gui
open_project {C:/Users/accha/Desktop/XDC  Update/Nanoprocessor_Design.xpr}
Scanning sources...
Finished scanning sources
INFO: [IP_Flow 19-234] Refreshing IP repositories
INFO: [IP_Flow 19-1704] No user IP repositories specified
INFO: [Common 17-41] Interrupt caught. Command should exit soon.
INFO: [IP_Flow 19-2313] Loaded Vivado IP repository 'D:/Xilinx_Vivado/Vivado/2018.1/data/ip'.
INFO: [IP_Flow 19-2338] Canceling the changes to the IP catalog. Reverting the catalog back to its previous state.
INFO: [IP_Flow 19-2340] The IP catalog has been returned to its previous state.
INFO: [Common 17-344] 'open_project' was cancelled
exit
INFO: [Common 17-206] Exiting Vivado at Sat Jun 10 21:00:03 2023...
