#-----------------------------------------------------------
# Vivado v2018.1 (64-bit)
# SW Build 2188600 on Wed Apr  4 18:40:38 MDT 2018
# IP Build 2185939 on Wed Apr  4 20:55:05 MDT 2018
# Start of session at: Sun Jun  4 11:56:28 2023
# Process ID: 11144
# Current directory: C:/Users/accha/Desktop/abc
# Command line: vivado.exe -gui_launcher_event rodinguilauncherevent10592 C:\Users\accha\Desktop\abc\Nanoprocessor_Design.xpr
# Log file: C:/Users/accha/Desktop/abc/vivado.log
# Journal file: C:/Users/accha/Desktop/abc\vivado.jou
#-----------------------------------------------------------
start_gui
open_project C:/Users/accha/Desktop/abc/Nanoprocessor_Design.xpr
Scanning sources...
Finished scanning sources
INFO: [IP_Flow 19-234] Refreshing IP repositories
INFO: [IP_Flow 19-1704] No user IP repositories specified
INFO: [IP_Flow 19-2313] Loaded Vivado IP repository 'D:/Xilinx_Vivado/Vivado/2018.1/data/ip'.
open_project: Time (s): cpu = 00:00:05 ; elapsed = 00:00:05 . Memory (MB): peak = 863.148 ; gain = 150.293
update_compile_order -fileset sources_1
launch_simulation
INFO: [Vivado 12-5682] Launching behavioral simulation in 'C:/Users/accha/Desktop/abc/Nanoprocessor_Design.sim/sim_1/behav/xsim'
INFO: [SIM-utils-51] Simulation object is 'sim_1'
INFO: [SIM-utils-54] Inspecting design source files for 'TB_mux_2_way_4_bit' in fileset 'sim_1'...
INFO: [USF-XSim-97] Finding global include files...
INFO: [USF-XSim-98] Fetching design files from 'sim_1'...
INFO: [USF-XSim-2] XSim::Compile design
INFO: [USF-XSim-61] Executing 'COMPILE and ANALYZE' step in 'C:/Users/accha/Desktop/abc/Nanoprocessor_Design.sim/sim_1/behav/xsim'
"xvhdl --incr --relax -prj TB_mux_2_way_4_bit_vhdl.prj"
INFO: [USF-XSim-69] 'compile' step finished in '2' seconds
INFO: [USF-XSim-3] XSim::Elaborate design
INFO: [USF-XSim-61] Executing 'ELABORATE' step in 'C:/Users/accha/Desktop/abc/Nanoprocessor_Design.sim/sim_1/behav/xsim'
Vivado Simulator 2018.1
Copyright 1986-1999, 2001-2017 Xilinx, Inc. All Rights Reserved.
Running: D:/Xilinx_Vivado/Vivado/2018.1/bin/unwrapped/win64.o/xelab.exe -wto acc33f396c024443bf4a1422c7a8d27a --incr --debug typical --relax --mt 2 -L xil_defaultlib -L secureip --snapshot TB_mux_2_way_4_bit_behav xil_defaultlib.TB_mux_2_way_4_bit -log elaborate.log 
Using 2 slave threads.
Starting static elaboration
Completed static elaboration
INFO: [XSIM 43-4323] No Change in HDL. Linking previously generated obj files to create kernel
INFO: [USF-XSim-69] 'elaborate' step finished in '1' seconds
INFO: [USF-XSim-4] XSim::Simulate design
INFO: [USF-XSim-61] Executing 'SIMULATE' step in 'C:/Users/accha/Desktop/abc/Nanoprocessor_Design.sim/sim_1/behav/xsim'
INFO: [USF-XSim-98] *** Running xsim
   with args "TB_mux_2_way_4_bit_behav -key {Behavioral:sim_1:Functional:TB_mux_2_way_4_bit} -tclbatch {TB_mux_2_way_4_bit.tcl} -log {simulate.log}"
INFO: [USF-XSim-8] Loading simulator feature
Vivado Simulator 2018.1
Time resolution is 1 ps
source TB_mux_2_way_4_bit.tcl
# set curr_wave [current_wave_config]
# if { [string length $curr_wave] == 0 } {
#   if { [llength [get_objects]] > 0} {
#     add_wave /
#     set_property needs_save false [current_wave_config]
#   } else {
#      send_msg_id Add_Wave-1 WARNING "No top level signals found. Simulator will start without a wave window. If you want to open a wave window go to 'File->New Waveform Configuration' or type 'create_wave_config' in the TCL console."
#   }
# }
# run 1000ns
INFO: [USF-XSim-96] XSim completed. Design snapshot 'TB_mux_2_way_4_bit_behav' loaded.
INFO: [USF-XSim-97] XSim simulation ran for 1000ns
launch_simulation: Time (s): cpu = 00:00:02 ; elapsed = 00:00:07 . Memory (MB): peak = 873.934 ; gain = 0.000
save_wave_config {C:/Users/accha/Desktop/abc/TB_mux_2_way_4_bit_behav.wcfg}
add_files -fileset sim_1 -norecurse C:/Users/accha/Desktop/abc/TB_mux_2_way_4_bit_behav.wcfg
set_property xsim.view C:/Users/accha/Desktop/abc/TB_mux_2_way_4_bit_behav.wcfg [get_filesets sim_1]
close_sim
INFO: [Simtcl 6-16] Simulation closed
exit
INFO: [Common 17-206] Exiting Vivado at Sun Jun  4 11:57:28 2023...
