Copyright 1986-2018 Xilinx, Inc. All Rights Reserved.
-----------------------------------------------------------------------------------------------------------------------------------------------------------------------------------------------------------------------------------
| Tool Version : Vivado v.2018.1 (win64) Build 2188600 Wed Apr  4 18:40:38 MDT 2018
| Date         : Tue Jun 13 01:19:21 2023
| Host         : Chathuras-MSI running 64-bit major release  (build 9200)
| Command      : report_timing_summary -max_paths 10 -file Nanoprocessor_Design_timing_summary_routed.rpt -pb Nanoprocessor_Design_timing_summary_routed.pb -rpx Nanoprocessor_Design_timing_summary_routed.rpx -warn_on_violation
| Design       : Nanoprocessor_Design
| Device       : 7a35t-cpg236
| Speed File   : -1  PRODUCTION 1.21 2018-02-08
-----------------------------------------------------------------------------------------------------------------------------------------------------------------------------------------------------------------------------------

Timing Summary Report

------------------------------------------------------------------------------------------------
| Timer Settings
| --------------
------------------------------------------------------------------------------------------------

  Enable Multi Corner Analysis               :  Yes
  Enable Pessimism Removal                   :  Yes
  Pessimism Removal Resolution               :  Nearest Common Node
  Enable Input Delay Default Clock           :  No
  Enable Preset / Clear Arcs                 :  No
  Disable Flight Delays                      :  No
  Ignore I/O Paths                           :  No
  Timing Early Launch at Borrowing Latches   :  false

  Corner  Analyze    Analyze    
  Name    Max Paths  Min Paths  
  ------  ---------  ---------  
  Slow    Yes        Yes        
  Fast    Yes        Yes        



check_timing report

Table of Contents
-----------------
1. checking no_clock
2. checking constant_clock
3. checking pulse_width_clock
4. checking unconstrained_internal_endpoints
5. checking no_input_delay
6. checking no_output_delay
7. checking multiple_clock
8. checking generated_clocks
9. checking loops
10. checking partial_input_delay
11. checking partial_output_delay
12. checking latch_loops

1. checking no_clock
--------------------
 There are 15 register/latch pins with no clock driven by root clock pin: SlowClk/Clk_out_reg/Q (HIGH)


2. checking constant_clock
--------------------------
 There are 0 register/latch pins with constant_clock.


3. checking pulse_width_clock
-----------------------------
 There are 0 register/latch pins which need pulse_width check


4. checking unconstrained_internal_endpoints
--------------------------------------------
 There are 27 pins that are not constrained for maximum delay. (HIGH)

 There are 0 pins that are not constrained for maximum delay due to constant clock.


5. checking no_input_delay
--------------------------
 There is 1 input port with no input delay specified. (HIGH)

 There are 0 input ports with no input delay but user has a false path constraint.


6. checking no_output_delay
---------------------------
 There are 13 ports with no output delay specified. (HIGH)

 There are 0 ports with no output delay but user has a false path constraint

 There are 0 ports with no output delay but with a timing clock defined on it or propagating through it


7. checking multiple_clock
--------------------------
 There are 0 register/latch pins with multiple clocks.


8. checking generated_clocks
----------------------------
 There are 0 generated clocks that are not connected to a clock source.


9. checking loops
-----------------
 There are 0 combinational loops in the design.


10. checking partial_input_delay
--------------------------------
 There are 0 input ports with partial input delay specified.


11. checking partial_output_delay
---------------------------------
 There are 0 ports with partial output delay specified.


12. checking latch_loops
------------------------
 There are 0 combinational latch loops in the design through latch input



------------------------------------------------------------------------------------------------
| Design Timing Summary
| ---------------------
------------------------------------------------------------------------------------------------

    WNS(ns)      TNS(ns)  TNS Failing Endpoints  TNS Total Endpoints      WHS(ns)      THS(ns)  THS Failing Endpoints  THS Total Endpoints     WPWS(ns)     TPWS(ns)  TPWS Failing Endpoints  TPWS Total Endpoints  
    -------      -------  ---------------------  -------------------      -------      -------  ---------------------  -------------------     --------     --------  ----------------------  --------------------  
      4.841        0.000                      0                   65        0.265        0.000                      0                   65        4.500        0.000                       0                    35  


All user specified timing constraints are met.


------------------------------------------------------------------------------------------------
| Clock Summary
| -------------
------------------------------------------------------------------------------------------------

Clock        Waveform(ns)       Period(ns)      Frequency(MHz)
-----        ------------       ----------      --------------
sys_clk_pin  {0.000 5.000}      10.000          100.000         


------------------------------------------------------------------------------------------------
| Intra Clock Table
| -----------------
------------------------------------------------------------------------------------------------

Clock             WNS(ns)      TNS(ns)  TNS Failing Endpoints  TNS Total Endpoints      WHS(ns)      THS(ns)  THS Failing Endpoints  THS Total Endpoints     WPWS(ns)     TPWS(ns)  TPWS Failing Endpoints  TPWS Total Endpoints  
-----             -------      -------  ---------------------  -------------------      -------      -------  ---------------------  -------------------     --------     --------  ----------------------  --------------------  
sys_clk_pin         4.841        0.000                      0                   65        0.265        0.000                      0                   65        4.500        0.000                       0                    35  


------------------------------------------------------------------------------------------------
| Inter Clock Table
| -----------------
------------------------------------------------------------------------------------------------

From Clock    To Clock          WNS(ns)      TNS(ns)  TNS Failing Endpoints  TNS Total Endpoints      WHS(ns)      THS(ns)  THS Failing Endpoints  THS Total Endpoints  
----------    --------          -------      -------  ---------------------  -------------------      -------      -------  ---------------------  -------------------  


------------------------------------------------------------------------------------------------
| Other Path Groups Table
| -----------------------
------------------------------------------------------------------------------------------------

Path Group    From Clock    To Clock          WNS(ns)      TNS(ns)  TNS Failing Endpoints  TNS Total Endpoints      WHS(ns)      THS(ns)  THS Failing Endpoints  THS Total Endpoints  
----------    ----------    --------          -------      -------  ---------------------  -------------------      -------      -------  ---------------------  -------------------  


------------------------------------------------------------------------------------------------
| Timing Details
| --------------
------------------------------------------------------------------------------------------------


---------------------------------------------------------------------------------------------------
From Clock:  sys_clk_pin
  To Clock:  sys_clk_pin

Setup :            0  Failing Endpoints,  Worst Slack        4.841ns,  Total Violation        0.000ns
Hold  :            0  Failing Endpoints,  Worst Slack        0.265ns,  Total Violation        0.000ns
PW    :            0  Failing Endpoints,  Worst Slack        4.500ns,  Total Violation        0.000ns
---------------------------------------------------------------------------------------------------


Max Delay Paths
--------------------------------------------------------------------------------------
Slack (MET) :             4.841ns  (required time - arrival time)
  Source:                 SlowClk/count_reg[20]/C
                            (rising edge-triggered cell FDRE clocked by sys_clk_pin  {rise@0.000ns fall@5.000ns period=10.000ns})
  Destination:            SlowClk/count_reg[25]/R
                            (rising edge-triggered cell FDRE clocked by sys_clk_pin  {rise@0.000ns fall@5.000ns period=10.000ns})
  Path Group:             sys_clk_pin
  Path Type:              Setup (Max at Slow Process Corner)
  Requirement:            10.000ns  (sys_clk_pin rise@10.000ns - sys_clk_pin rise@0.000ns)
  Data Path Delay:        4.575ns  (logic 0.890ns (19.453%)  route 3.685ns (80.547%))
  Logic Levels:           3  (LUT4=2 LUT5=1)
  Clock Path Skew:        -0.025ns (DCD - SCD + CPR)
    Destination Clock Delay (DCD):    4.776ns = ( 14.776 - 10.000 ) 
    Source Clock Delay      (SCD):    5.075ns
    Clock Pessimism Removal (CPR):    0.274ns
  Clock Uncertainty:      0.035ns  ((TSJ^2 + TIJ^2)^1/2 + DJ) / 2 + PE
    Total System Jitter     (TSJ):    0.071ns
    Total Input Jitter      (TIJ):    0.000ns
    Discrete Jitter          (DJ):    0.000ns
    Phase Error              (PE):    0.000ns

    Location             Delay type                Incr(ns)  Path(ns)    Netlist Resource(s)
  -------------------------------------------------------------------    -------------------
                         (clock sys_clk_pin rise edge)
                                                      0.000     0.000 r  
    W5                                                0.000     0.000 r  Clk (IN)
                         net (fo=0)                   0.000     0.000    Clk
    W5                   IBUF (Prop_ibuf_I_O)         1.458     1.458 r  Clk_IBUF_inst/O
                         net (fo=1, routed)           1.967     3.425    Clk_IBUF
    BUFGCTRL_X0Y0        BUFG (Prop_bufg_I_O)         0.096     3.521 r  Clk_IBUF_BUFG_inst/O
                         net (fo=34, routed)          1.554     5.075    SlowClk/Clk_IBUF_BUFG
    SLICE_X50Y22         FDRE                                         r  SlowClk/count_reg[20]/C
  -------------------------------------------------------------------    -------------------
    SLICE_X50Y22         FDRE (Prop_fdre_C_Q)         0.518     5.593 r  SlowClk/count_reg[20]/Q
                         net (fo=2, routed)           0.809     6.403    SlowClk/count[20]
    SLICE_X51Y23         LUT4 (Prop_lut4_I1_O)        0.124     6.527 f  SlowClk/count[31]_i_9/O
                         net (fo=1, routed)           0.401     6.928    SlowClk/count[31]_i_9_n_0
    SLICE_X51Y22         LUT5 (Prop_lut5_I4_O)        0.124     7.052 f  SlowClk/count[31]_i_5/O
                         net (fo=3, routed)           1.177     8.229    SlowClk/count[31]_i_5_n_0
    SLICE_X51Y18         LUT4 (Prop_lut4_I3_O)        0.124     8.353 r  SlowClk/count[31]_i_1/O
                         net (fo=31, routed)          1.298     9.650    SlowClk/count[31]_i_1_n_0
    SLICE_X50Y24         FDRE                                         r  SlowClk/count_reg[25]/R
  -------------------------------------------------------------------    -------------------

                         (clock sys_clk_pin rise edge)
                                                     10.000    10.000 r  
    W5                                                0.000    10.000 r  Clk (IN)
                         net (fo=0)                   0.000    10.000    Clk
    W5                   IBUF (Prop_ibuf_I_O)         1.388    11.388 r  Clk_IBUF_inst/O
                         net (fo=1, routed)           1.862    13.250    Clk_IBUF
    BUFGCTRL_X0Y0        BUFG (Prop_bufg_I_O)         0.091    13.341 r  Clk_IBUF_BUFG_inst/O
                         net (fo=34, routed)          1.435    14.776    SlowClk/Clk_IBUF_BUFG
    SLICE_X50Y24         FDRE                                         r  SlowClk/count_reg[25]/C
                         clock pessimism              0.274    15.050    
                         clock uncertainty           -0.035    15.015    
    SLICE_X50Y24         FDRE (Setup_fdre_C_R)       -0.524    14.491    SlowClk/count_reg[25]
  -------------------------------------------------------------------
                         required time                         14.491    
                         arrival time                          -9.650    
  -------------------------------------------------------------------
                         slack                                  4.841    

Slack (MET) :             4.841ns  (required time - arrival time)
  Source:                 SlowClk/count_reg[20]/C
                            (rising edge-triggered cell FDRE clocked by sys_clk_pin  {rise@0.000ns fall@5.000ns period=10.000ns})
  Destination:            SlowClk/count_reg[26]/R
                            (rising edge-triggered cell FDRE clocked by sys_clk_pin  {rise@0.000ns fall@5.000ns period=10.000ns})
  Path Group:             sys_clk_pin
  Path Type:              Setup (Max at Slow Process Corner)
  Requirement:            10.000ns  (sys_clk_pin rise@10.000ns - sys_clk_pin rise@0.000ns)
  Data Path Delay:        4.575ns  (logic 0.890ns (19.453%)  route 3.685ns (80.547%))
  Logic Levels:           3  (LUT4=2 LUT5=1)
  Clock Path Skew:        -0.025ns (DCD - SCD + CPR)
    Destination Clock Delay (DCD):    4.776ns = ( 14.776 - 10.000 ) 
    Source Clock Delay      (SCD):    5.075ns
    Clock Pessimism Removal (CPR):    0.274ns
  Clock Uncertainty:      0.035ns  ((TSJ^2 + TIJ^2)^1/2 + DJ) / 2 + PE
    Total System Jitter     (TSJ):    0.071ns
    Total Input Jitter      (TIJ):    0.000ns
    Discrete Jitter          (DJ):    0.000ns
    Phase Error              (PE):    0.000ns

    Location             Delay type                Incr(ns)  Path(ns)    Netlist Resource(s)
  -------------------------------------------------------------------    -------------------
                         (clock sys_clk_pin rise edge)
                                                      0.000     0.000 r  
    W5                                                0.000     0.000 r  Clk (IN)
                         net (fo=0)                   0.000     0.000    Clk
    W5                   IBUF (Prop_ibuf_I_O)         1.458     1.458 r  Clk_IBUF_inst/O
                         net (fo=1, routed)           1.967     3.425    Clk_IBUF
    BUFGCTRL_X0Y0        BUFG (Prop_bufg_I_O)         0.096     3.521 r  Clk_IBUF_BUFG_inst/O
                         net (fo=34, routed)          1.554     5.075    SlowClk/Clk_IBUF_BUFG
    SLICE_X50Y22         FDRE                                         r  SlowClk/count_reg[20]/C
  -------------------------------------------------------------------    -------------------
    SLICE_X50Y22         FDRE (Prop_fdre_C_Q)         0.518     5.593 r  SlowClk/count_reg[20]/Q
                         net (fo=2, routed)           0.809     6.403    SlowClk/count[20]
    SLICE_X51Y23         LUT4 (Prop_lut4_I1_O)        0.124     6.527 f  SlowClk/count[31]_i_9/O
                         net (fo=1, routed)           0.401     6.928    SlowClk/count[31]_i_9_n_0
    SLICE_X51Y22         LUT5 (Prop_lut5_I4_O)        0.124     7.052 f  SlowClk/count[31]_i_5/O
                         net (fo=3, routed)           1.177     8.229    SlowClk/count[31]_i_5_n_0
    SLICE_X51Y18         LUT4 (Prop_lut4_I3_O)        0.124     8.353 r  SlowClk/count[31]_i_1/O
                         net (fo=31, routed)          1.298     9.650    SlowClk/count[31]_i_1_n_0
    SLICE_X50Y24         FDRE                                         r  SlowClk/count_reg[26]/R
  -------------------------------------------------------------------    -------------------

                         (clock sys_clk_pin rise edge)
                                                     10.000    10.000 r  
    W5                                                0.000    10.000 r  Clk (IN)
                         net (fo=0)                   0.000    10.000    Clk
    W5                   IBUF (Prop_ibuf_I_O)         1.388    11.388 r  Clk_IBUF_inst/O
                         net (fo=1, routed)           1.862    13.250    Clk_IBUF
    BUFGCTRL_X0Y0        BUFG (Prop_bufg_I_O)         0.091    13.341 r  Clk_IBUF_BUFG_inst/O
                         net (fo=34, routed)          1.435    14.776    SlowClk/Clk_IBUF_BUFG
    SLICE_X50Y24         FDRE                                         r  SlowClk/count_reg[26]/C
                         clock pessimism              0.274    15.050    
                         clock uncertainty           -0.035    15.015    
    SLICE_X50Y24         FDRE (Setup_fdre_C_R)       -0.524    14.491    SlowClk/count_reg[26]
  -------------------------------------------------------------------
                         required time                         14.491    
                         arrival time                          -9.650    
  -------------------------------------------------------------------
                         slack                                  4.841    

Slack (MET) :             4.841ns  (required time - arrival time)
  Source:                 SlowClk/count_reg[20]/C
                            (rising edge-triggered cell FDRE clocked by sys_clk_pin  {rise@0.000ns fall@5.000ns period=10.000ns})
  Destination:            SlowClk/count_reg[27]/R
                            (rising edge-triggered cell FDRE clocked by sys_clk_pin  {rise@0.000ns fall@5.000ns period=10.000ns})
  Path Group:             sys_clk_pin
  Path Type:              Setup (Max at Slow Process Corner)
  Requirement:            10.000ns  (sys_clk_pin rise@10.000ns - sys_clk_pin rise@0.000ns)
  Data Path Delay:        4.575ns  (logic 0.890ns (19.453%)  route 3.685ns (80.547%))
  Logic Levels:           3  (LUT4=2 LUT5=1)
  Clock Path Skew:        -0.025ns (DCD - SCD + CPR)
    Destination Clock Delay (DCD):    4.776ns = ( 14.776 - 10.000 ) 
    Source Clock Delay      (SCD):    5.075ns
    Clock Pessimism Removal (CPR):    0.274ns
  Clock Uncertainty:      0.035ns  ((TSJ^2 + TIJ^2)^1/2 + DJ) / 2 + PE
    Total System Jitter     (TSJ):    0.071ns
    Total Input Jitter      (TIJ):    0.000ns
    Discrete Jitter          (DJ):    0.000ns
    Phase Error              (PE):    0.000ns

    Location             Delay type                Incr(ns)  Path(ns)    Netlist Resource(s)
  -------------------------------------------------------------------    -------------------
                         (clock sys_clk_pin rise edge)
                                                      0.000     0.000 r  
    W5                                                0.000     0.000 r  Clk (IN)
                         net (fo=0)                   0.000     0.000    Clk
    W5                   IBUF (Prop_ibuf_I_O)         1.458     1.458 r  Clk_IBUF_inst/O
                         net (fo=1, routed)           1.967     3.425    Clk_IBUF
    BUFGCTRL_X0Y0        BUFG (Prop_bufg_I_O)         0.096     3.521 r  Clk_IBUF_BUFG_inst/O
                         net (fo=34, routed)          1.554     5.075    SlowClk/Clk_IBUF_BUFG
    SLICE_X50Y22         FDRE                                         r  SlowClk/count_reg[20]/C
  -------------------------------------------------------------------    -------------------
    SLICE_X50Y22         FDRE (Prop_fdre_C_Q)         0.518     5.593 r  SlowClk/count_reg[20]/Q
                         net (fo=2, routed)           0.809     6.403    SlowClk/count[20]
    SLICE_X51Y23         LUT4 (Prop_lut4_I1_O)        0.124     6.527 f  SlowClk/count[31]_i_9/O
                         net (fo=1, routed)           0.401     6.928    SlowClk/count[31]_i_9_n_0
    SLICE_X51Y22         LUT5 (Prop_lut5_I4_O)        0.124     7.052 f  SlowClk/count[31]_i_5/O
                         net (fo=3, routed)           1.177     8.229    SlowClk/count[31]_i_5_n_0
    SLICE_X51Y18         LUT4 (Prop_lut4_I3_O)        0.124     8.353 r  SlowClk/count[31]_i_1/O
                         net (fo=31, routed)          1.298     9.650    SlowClk/count[31]_i_1_n_0
    SLICE_X50Y24         FDRE                                         r  SlowClk/count_reg[27]/R
  -------------------------------------------------------------------    -------------------

                         (clock sys_clk_pin rise edge)
                                                     10.000    10.000 r  
    W5                                                0.000    10.000 r  Clk (IN)
                         net (fo=0)                   0.000    10.000    Clk
    W5                   IBUF (Prop_ibuf_I_O)         1.388    11.388 r  Clk_IBUF_inst/O
                         net (fo=1, routed)           1.862    13.250    Clk_IBUF
    BUFGCTRL_X0Y0        BUFG (Prop_bufg_I_O)         0.091    13.341 r  Clk_IBUF_BUFG_inst/O
                         net (fo=34, routed)          1.435    14.776    SlowClk/Clk_IBUF_BUFG
    SLICE_X50Y24         FDRE                                         r  SlowClk/count_reg[27]/C
                         clock pessimism              0.274    15.050    
                         clock uncertainty           -0.035    15.015    
    SLICE_X50Y24         FDRE (Setup_fdre_C_R)       -0.524    14.491    SlowClk/count_reg[27]
  -------------------------------------------------------------------
                         required time                         14.491    
                         arrival time                          -9.650    
  -------------------------------------------------------------------
                         slack                                  4.841    

Slack (MET) :             4.841ns  (required time - arrival time)
  Source:                 SlowClk/count_reg[20]/C
                            (rising edge-triggered cell FDRE clocked by sys_clk_pin  {rise@0.000ns fall@5.000ns period=10.000ns})
  Destination:            SlowClk/count_reg[28]/R
                            (rising edge-triggered cell FDRE clocked by sys_clk_pin  {rise@0.000ns fall@5.000ns period=10.000ns})
  Path Group:             sys_clk_pin
  Path Type:              Setup (Max at Slow Process Corner)
  Requirement:            10.000ns  (sys_clk_pin rise@10.000ns - sys_clk_pin rise@0.000ns)
  Data Path Delay:        4.575ns  (logic 0.890ns (19.453%)  route 3.685ns (80.547%))
  Logic Levels:           3  (LUT4=2 LUT5=1)
  Clock Path Skew:        -0.025ns (DCD - SCD + CPR)
    Destination Clock Delay (DCD):    4.776ns = ( 14.776 - 10.000 ) 
    Source Clock Delay      (SCD):    5.075ns
    Clock Pessimism Removal (CPR):    0.274ns
  Clock Uncertainty:      0.035ns  ((TSJ^2 + TIJ^2)^1/2 + DJ) / 2 + PE
    Total System Jitter     (TSJ):    0.071ns
    Total Input Jitter      (TIJ):    0.000ns
    Discrete Jitter          (DJ):    0.000ns
    Phase Error              (PE):    0.000ns

    Location             Delay type                Incr(ns)  Path(ns)    Netlist Resource(s)
  -------------------------------------------------------------------    -------------------
                         (clock sys_clk_pin rise edge)
                                                      0.000     0.000 r  
    W5                                                0.000     0.000 r  Clk (IN)
                         net (fo=0)                   0.000     0.000    Clk
    W5                   IBUF (Prop_ibuf_I_O)         1.458     1.458 r  Clk_IBUF_inst/O
                         net (fo=1, routed)           1.967     3.425    Clk_IBUF
    BUFGCTRL_X0Y0        BUFG (Prop_bufg_I_O)         0.096     3.521 r  Clk_IBUF_BUFG_inst/O
                         net (fo=34, routed)          1.554     5.075    SlowClk/Clk_IBUF_BUFG
    SLICE_X50Y22         FDRE                                         r  SlowClk/count_reg[20]/C
  -------------------------------------------------------------------    -------------------
    SLICE_X50Y22         FDRE (Prop_fdre_C_Q)         0.518     5.593 r  SlowClk/count_reg[20]/Q
                         net (fo=2, routed)           0.809     6.403    SlowClk/count[20]
    SLICE_X51Y23         LUT4 (Prop_lut4_I1_O)        0.124     6.527 f  SlowClk/count[31]_i_9/O
                         net (fo=1, routed)           0.401     6.928    SlowClk/count[31]_i_9_n_0
    SLICE_X51Y22         LUT5 (Prop_lut5_I4_O)        0.124     7.052 f  SlowClk/count[31]_i_5/O
                         net (fo=3, routed)           1.177     8.229    SlowClk/count[31]_i_5_n_0
    SLICE_X51Y18         LUT4 (Prop_lut4_I3_O)        0.124     8.353 r  SlowClk/count[31]_i_1/O
                         net (fo=31, routed)          1.298     9.650    SlowClk/count[31]_i_1_n_0
    SLICE_X50Y24         FDRE                                         r  SlowClk/count_reg[28]/R
  -------------------------------------------------------------------    -------------------

                         (clock sys_clk_pin rise edge)
                                                     10.000    10.000 r  
    W5                                                0.000    10.000 r  Clk (IN)
                         net (fo=0)                   0.000    10.000    Clk
    W5                   IBUF (Prop_ibuf_I_O)         1.388    11.388 r  Clk_IBUF_inst/O
                         net (fo=1, routed)           1.862    13.250    Clk_IBUF
    BUFGCTRL_X0Y0        BUFG (Prop_bufg_I_O)         0.091    13.341 r  Clk_IBUF_BUFG_inst/O
                         net (fo=34, routed)          1.435    14.776    SlowClk/Clk_IBUF_BUFG
    SLICE_X50Y24         FDRE                                         r  SlowClk/count_reg[28]/C
                         clock pessimism              0.274    15.050    
                         clock uncertainty           -0.035    15.015    
    SLICE_X50Y24         FDRE (Setup_fdre_C_R)       -0.524    14.491    SlowClk/count_reg[28]
  -------------------------------------------------------------------
                         required time                         14.491    
                         arrival time                          -9.650    
  -------------------------------------------------------------------
                         slack                                  4.841    

Slack (MET) :             4.982ns  (required time - arrival time)
  Source:                 SlowClk/count_reg[20]/C
                            (rising edge-triggered cell FDRE clocked by sys_clk_pin  {rise@0.000ns fall@5.000ns period=10.000ns})
  Destination:            SlowClk/count_reg[21]/R
                            (rising edge-triggered cell FDRE clocked by sys_clk_pin  {rise@0.000ns fall@5.000ns period=10.000ns})
  Path Group:             sys_clk_pin
  Path Type:              Setup (Max at Slow Process Corner)
  Requirement:            10.000ns  (sys_clk_pin rise@10.000ns - sys_clk_pin rise@0.000ns)
  Data Path Delay:        4.435ns  (logic 0.890ns (20.067%)  route 3.545ns (79.933%))
  Logic Levels:           3  (LUT4=2 LUT5=1)
  Clock Path Skew:        -0.023ns (DCD - SCD + CPR)
    Destination Clock Delay (DCD):    4.778ns = ( 14.778 - 10.000 ) 
    Source Clock Delay      (SCD):    5.075ns
    Clock Pessimism Removal (CPR):    0.274ns
  Clock Uncertainty:      0.035ns  ((TSJ^2 + TIJ^2)^1/2 + DJ) / 2 + PE
    Total System Jitter     (TSJ):    0.071ns
    Total Input Jitter      (TIJ):    0.000ns
    Discrete Jitter          (DJ):    0.000ns
    Phase Error              (PE):    0.000ns

    Location             Delay type                Incr(ns)  Path(ns)    Netlist Resource(s)
  -------------------------------------------------------------------    -------------------
                         (clock sys_clk_pin rise edge)
                                                      0.000     0.000 r  
    W5                                                0.000     0.000 r  Clk (IN)
                         net (fo=0)                   0.000     0.000    Clk
    W5                   IBUF (Prop_ibuf_I_O)         1.458     1.458 r  Clk_IBUF_inst/O
                         net (fo=1, routed)           1.967     3.425    Clk_IBUF
    BUFGCTRL_X0Y0        BUFG (Prop_bufg_I_O)         0.096     3.521 r  Clk_IBUF_BUFG_inst/O
                         net (fo=34, routed)          1.554     5.075    SlowClk/Clk_IBUF_BUFG
    SLICE_X50Y22         FDRE                                         r  SlowClk/count_reg[20]/C
  -------------------------------------------------------------------    -------------------
    SLICE_X50Y22         FDRE (Prop_fdre_C_Q)         0.518     5.593 r  SlowClk/count_reg[20]/Q
                         net (fo=2, routed)           0.809     6.403    SlowClk/count[20]
    SLICE_X51Y23         LUT4 (Prop_lut4_I1_O)        0.124     6.527 f  SlowClk/count[31]_i_9/O
                         net (fo=1, routed)           0.401     6.928    SlowClk/count[31]_i_9_n_0
    SLICE_X51Y22         LUT5 (Prop_lut5_I4_O)        0.124     7.052 f  SlowClk/count[31]_i_5/O
                         net (fo=3, routed)           1.177     8.229    SlowClk/count[31]_i_5_n_0
    SLICE_X51Y18         LUT4 (Prop_lut4_I3_O)        0.124     8.353 r  SlowClk/count[31]_i_1/O
                         net (fo=31, routed)          1.158     9.510    SlowClk/count[31]_i_1_n_0
    SLICE_X50Y23         FDRE                                         r  SlowClk/count_reg[21]/R
  -------------------------------------------------------------------    -------------------

                         (clock sys_clk_pin rise edge)
                                                     10.000    10.000 r  
    W5                                                0.000    10.000 r  Clk (IN)
                         net (fo=0)                   0.000    10.000    Clk
    W5                   IBUF (Prop_ibuf_I_O)         1.388    11.388 r  Clk_IBUF_inst/O
                         net (fo=1, routed)           1.862    13.250    Clk_IBUF
    BUFGCTRL_X0Y0        BUFG (Prop_bufg_I_O)         0.091    13.341 r  Clk_IBUF_BUFG_inst/O
                         net (fo=34, routed)          1.437    14.778    SlowClk/Clk_IBUF_BUFG
    SLICE_X50Y23         FDRE                                         r  SlowClk/count_reg[21]/C
                         clock pessimism              0.274    15.052    
                         clock uncertainty           -0.035    15.017    
    SLICE_X50Y23         FDRE (Setup_fdre_C_R)       -0.524    14.493    SlowClk/count_reg[21]
  -------------------------------------------------------------------
                         required time                         14.493    
                         arrival time                          -9.510    
  -------------------------------------------------------------------
                         slack                                  4.982    

Slack (MET) :             4.982ns  (required time - arrival time)
  Source:                 SlowClk/count_reg[20]/C
                            (rising edge-triggered cell FDRE clocked by sys_clk_pin  {rise@0.000ns fall@5.000ns period=10.000ns})
  Destination:            SlowClk/count_reg[22]/R
                            (rising edge-triggered cell FDRE clocked by sys_clk_pin  {rise@0.000ns fall@5.000ns period=10.000ns})
  Path Group:             sys_clk_pin
  Path Type:              Setup (Max at Slow Process Corner)
  Requirement:            10.000ns  (sys_clk_pin rise@10.000ns - sys_clk_pin rise@0.000ns)
  Data Path Delay:        4.435ns  (logic 0.890ns (20.067%)  route 3.545ns (79.933%))
  Logic Levels:           3  (LUT4=2 LUT5=1)
  Clock Path Skew:        -0.023ns (DCD - SCD + CPR)
    Destination Clock Delay (DCD):    4.778ns = ( 14.778 - 10.000 ) 
    Source Clock Delay      (SCD):    5.075ns
    Clock Pessimism Removal (CPR):    0.274ns
  Clock Uncertainty:      0.035ns  ((TSJ^2 + TIJ^2)^1/2 + DJ) / 2 + PE
    Total System Jitter     (TSJ):    0.071ns
    Total Input Jitter      (TIJ):    0.000ns
    Discrete Jitter          (DJ):    0.000ns
    Phase Error              (PE):    0.000ns

    Location             Delay type                Incr(ns)  Path(ns)    Netlist Resource(s)
  -------------------------------------------------------------------    -------------------
                         (clock sys_clk_pin rise edge)
                                                      0.000     0.000 r  
    W5                                                0.000     0.000 r  Clk (IN)
                         net (fo=0)                   0.000     0.000    Clk
    W5                   IBUF (Prop_ibuf_I_O)         1.458     1.458 r  Clk_IBUF_inst/O
                         net (fo=1, routed)           1.967     3.425    Clk_IBUF
    BUFGCTRL_X0Y0        BUFG (Prop_bufg_I_O)         0.096     3.521 r  Clk_IBUF_BUFG_inst/O
                         net (fo=34, routed)          1.554     5.075    SlowClk/Clk_IBUF_BUFG
    SLICE_X50Y22         FDRE                                         r  SlowClk/count_reg[20]/C
  -------------------------------------------------------------------    -------------------
    SLICE_X50Y22         FDRE (Prop_fdre_C_Q)         0.518     5.593 r  SlowClk/count_reg[20]/Q
                         net (fo=2, routed)           0.809     6.403    SlowClk/count[20]
    SLICE_X51Y23         LUT4 (Prop_lut4_I1_O)        0.124     6.527 f  SlowClk/count[31]_i_9/O
                         net (fo=1, routed)           0.401     6.928    SlowClk/count[31]_i_9_n_0
    SLICE_X51Y22         LUT5 (Prop_lut5_I4_O)        0.124     7.052 f  SlowClk/count[31]_i_5/O
                         net (fo=3, routed)           1.177     8.229    SlowClk/count[31]_i_5_n_0
    SLICE_X51Y18         LUT4 (Prop_lut4_I3_O)        0.124     8.353 r  SlowClk/count[31]_i_1/O
                         net (fo=31, routed)          1.158     9.510    SlowClk/count[31]_i_1_n_0
    SLICE_X50Y23         FDRE                                         r  SlowClk/count_reg[22]/R
  -------------------------------------------------------------------    -------------------

                         (clock sys_clk_pin rise edge)
                                                     10.000    10.000 r  
    W5                                                0.000    10.000 r  Clk (IN)
                         net (fo=0)                   0.000    10.000    Clk
    W5                   IBUF (Prop_ibuf_I_O)         1.388    11.388 r  Clk_IBUF_inst/O
                         net (fo=1, routed)           1.862    13.250    Clk_IBUF
    BUFGCTRL_X0Y0        BUFG (Prop_bufg_I_O)         0.091    13.341 r  Clk_IBUF_BUFG_inst/O
                         net (fo=34, routed)          1.437    14.778    SlowClk/Clk_IBUF_BUFG
    SLICE_X50Y23         FDRE                                         r  SlowClk/count_reg[22]/C
                         clock pessimism              0.274    15.052    
                         clock uncertainty           -0.035    15.017    
    SLICE_X50Y23         FDRE (Setup_fdre_C_R)       -0.524    14.493    SlowClk/count_reg[22]
  -------------------------------------------------------------------
                         required time                         14.493    
                         arrival time                          -9.510    
  -------------------------------------------------------------------
                         slack                                  4.982    

Slack (MET) :             4.982ns  (required time - arrival time)
  Source:                 SlowClk/count_reg[20]/C
                            (rising edge-triggered cell FDRE clocked by sys_clk_pin  {rise@0.000ns fall@5.000ns period=10.000ns})
  Destination:            SlowClk/count_reg[23]/R
                            (rising edge-triggered cell FDRE clocked by sys_clk_pin  {rise@0.000ns fall@5.000ns period=10.000ns})
  Path Group:             sys_clk_pin
  Path Type:              Setup (Max at Slow Process Corner)
  Requirement:            10.000ns  (sys_clk_pin rise@10.000ns - sys_clk_pin rise@0.000ns)
  Data Path Delay:        4.435ns  (logic 0.890ns (20.067%)  route 3.545ns (79.933%))
  Logic Levels:           3  (LUT4=2 LUT5=1)
  Clock Path Skew:        -0.023ns (DCD - SCD + CPR)
    Destination Clock Delay (DCD):    4.778ns = ( 14.778 - 10.000 ) 
    Source Clock Delay      (SCD):    5.075ns
    Clock Pessimism Removal (CPR):    0.274ns
  Clock Uncertainty:      0.035ns  ((TSJ^2 + TIJ^2)^1/2 + DJ) / 2 + PE
    Total System Jitter     (TSJ):    0.071ns
    Total Input Jitter      (TIJ):    0.000ns
    Discrete Jitter          (DJ):    0.000ns
    Phase Error              (PE):    0.000ns

    Location             Delay type                Incr(ns)  Path(ns)    Netlist Resource(s)
  -------------------------------------------------------------------    -------------------
                         (clock sys_clk_pin rise edge)
                                                      0.000     0.000 r  
    W5                                                0.000     0.000 r  Clk (IN)
                         net (fo=0)                   0.000     0.000    Clk
    W5                   IBUF (Prop_ibuf_I_O)         1.458     1.458 r  Clk_IBUF_inst/O
                         net (fo=1, routed)           1.967     3.425    Clk_IBUF
    BUFGCTRL_X0Y0        BUFG (Prop_bufg_I_O)         0.096     3.521 r  Clk_IBUF_BUFG_inst/O
                         net (fo=34, routed)          1.554     5.075    SlowClk/Clk_IBUF_BUFG
    SLICE_X50Y22         FDRE                                         r  SlowClk/count_reg[20]/C
  -------------------------------------------------------------------    -------------------
    SLICE_X50Y22         FDRE (Prop_fdre_C_Q)         0.518     5.593 r  SlowClk/count_reg[20]/Q
                         net (fo=2, routed)           0.809     6.403    SlowClk/count[20]
    SLICE_X51Y23         LUT4 (Prop_lut4_I1_O)        0.124     6.527 f  SlowClk/count[31]_i_9/O
                         net (fo=1, routed)           0.401     6.928    SlowClk/count[31]_i_9_n_0
    SLICE_X51Y22         LUT5 (Prop_lut5_I4_O)        0.124     7.052 f  SlowClk/count[31]_i_5/O
                         net (fo=3, routed)           1.177     8.229    SlowClk/count[31]_i_5_n_0
    SLICE_X51Y18         LUT4 (Prop_lut4_I3_O)        0.124     8.353 r  SlowClk/count[31]_i_1/O
                         net (fo=31, routed)          1.158     9.510    SlowClk/count[31]_i_1_n_0
    SLICE_X50Y23         FDRE                                         r  SlowClk/count_reg[23]/R
  -------------------------------------------------------------------    -------------------

                         (clock sys_clk_pin rise edge)
                                                     10.000    10.000 r  
    W5                                                0.000    10.000 r  Clk (IN)
                         net (fo=0)                   0.000    10.000    Clk
    W5                   IBUF (Prop_ibuf_I_O)         1.388    11.388 r  Clk_IBUF_inst/O
                         net (fo=1, routed)           1.862    13.250    Clk_IBUF
    BUFGCTRL_X0Y0        BUFG (Prop_bufg_I_O)         0.091    13.341 r  Clk_IBUF_BUFG_inst/O
                         net (fo=34, routed)          1.437    14.778    SlowClk/Clk_IBUF_BUFG
    SLICE_X50Y23         FDRE                                         r  SlowClk/count_reg[23]/C
                         clock pessimism              0.274    15.052    
                         clock uncertainty           -0.035    15.017    
    SLICE_X50Y23         FDRE (Setup_fdre_C_R)       -0.524    14.493    SlowClk/count_reg[23]
  -------------------------------------------------------------------
                         required time                         14.493    
                         arrival time                          -9.510    
  -------------------------------------------------------------------
                         slack                                  4.982    

Slack (MET) :             4.982ns  (required time - arrival time)
  Source:                 SlowClk/count_reg[20]/C
                            (rising edge-triggered cell FDRE clocked by sys_clk_pin  {rise@0.000ns fall@5.000ns period=10.000ns})
  Destination:            SlowClk/count_reg[24]/R
                            (rising edge-triggered cell FDRE clocked by sys_clk_pin  {rise@0.000ns fall@5.000ns period=10.000ns})
  Path Group:             sys_clk_pin
  Path Type:              Setup (Max at Slow Process Corner)
  Requirement:            10.000ns  (sys_clk_pin rise@10.000ns - sys_clk_pin rise@0.000ns)
  Data Path Delay:        4.435ns  (logic 0.890ns (20.067%)  route 3.545ns (79.933%))
  Logic Levels:           3  (LUT4=2 LUT5=1)
  Clock Path Skew:        -0.023ns (DCD - SCD + CPR)
    Destination Clock Delay (DCD):    4.778ns = ( 14.778 - 10.000 ) 
    Source Clock Delay      (SCD):    5.075ns
    Clock Pessimism Removal (CPR):    0.274ns
  Clock Uncertainty:      0.035ns  ((TSJ^2 + TIJ^2)^1/2 + DJ) / 2 + PE
    Total System Jitter     (TSJ):    0.071ns
    Total Input Jitter      (TIJ):    0.000ns
    Discrete Jitter          (DJ):    0.000ns
    Phase Error              (PE):    0.000ns

    Location             Delay type                Incr(ns)  Path(ns)    Netlist Resource(s)
  -------------------------------------------------------------------    -------------------
                         (clock sys_clk_pin rise edge)
                                                      0.000     0.000 r  
    W5                                                0.000     0.000 r  Clk (IN)
                         net (fo=0)                   0.000     0.000    Clk
    W5                   IBUF (Prop_ibuf_I_O)         1.458     1.458 r  Clk_IBUF_inst/O
                         net (fo=1, routed)           1.967     3.425    Clk_IBUF
    BUFGCTRL_X0Y0        BUFG (Prop_bufg_I_O)         0.096     3.521 r  Clk_IBUF_BUFG_inst/O
                         net (fo=34, routed)          1.554     5.075    SlowClk/Clk_IBUF_BUFG
    SLICE_X50Y22         FDRE                                         r  SlowClk/count_reg[20]/C
  -------------------------------------------------------------------    -------------------
    SLICE_X50Y22         FDRE (Prop_fdre_C_Q)         0.518     5.593 r  SlowClk/count_reg[20]/Q
                         net (fo=2, routed)           0.809     6.403    SlowClk/count[20]
    SLICE_X51Y23         LUT4 (Prop_lut4_I1_O)        0.124     6.527 f  SlowClk/count[31]_i_9/O
                         net (fo=1, routed)           0.401     6.928    SlowClk/count[31]_i_9_n_0
    SLICE_X51Y22         LUT5 (Prop_lut5_I4_O)        0.124     7.052 f  SlowClk/count[31]_i_5/O
                         net (fo=3, routed)           1.177     8.229    SlowClk/count[31]_i_5_n_0
    SLICE_X51Y18         LUT4 (Prop_lut4_I3_O)        0.124     8.353 r  SlowClk/count[31]_i_1/O
                         net (fo=31, routed)          1.158     9.510    SlowClk/count[31]_i_1_n_0
    SLICE_X50Y23         FDRE                                         r  SlowClk/count_reg[24]/R
  -------------------------------------------------------------------    -------------------

                         (clock sys_clk_pin rise edge)
                                                     10.000    10.000 r  
    W5                                                0.000    10.000 r  Clk (IN)
                         net (fo=0)                   0.000    10.000    Clk
    W5                   IBUF (Prop_ibuf_I_O)         1.388    11.388 r  Clk_IBUF_inst/O
                         net (fo=1, routed)           1.862    13.250    Clk_IBUF
    BUFGCTRL_X0Y0        BUFG (Prop_bufg_I_O)         0.091    13.341 r  Clk_IBUF_BUFG_inst/O
                         net (fo=34, routed)          1.437    14.778    SlowClk/Clk_IBUF_BUFG
    SLICE_X50Y23         FDRE                                         r  SlowClk/count_reg[24]/C
                         clock pessimism              0.274    15.052    
                         clock uncertainty           -0.035    15.017    
    SLICE_X50Y23         FDRE (Setup_fdre_C_R)       -0.524    14.493    SlowClk/count_reg[24]
  -------------------------------------------------------------------
                         required time                         14.493    
                         arrival time                          -9.510    
  -------------------------------------------------------------------
                         slack                                  4.982    

Slack (MET) :             5.057ns  (required time - arrival time)
  Source:                 SlowClk/count_reg[20]/C
                            (rising edge-triggered cell FDRE clocked by sys_clk_pin  {rise@0.000ns fall@5.000ns period=10.000ns})
  Destination:            SlowClk/count_reg[29]/R
                            (rising edge-triggered cell FDRE clocked by sys_clk_pin  {rise@0.000ns fall@5.000ns period=10.000ns})
  Path Group:             sys_clk_pin
  Path Type:              Setup (Max at Slow Process Corner)
  Requirement:            10.000ns  (sys_clk_pin rise@10.000ns - sys_clk_pin rise@0.000ns)
  Data Path Delay:        4.345ns  (logic 0.890ns (20.485%)  route 3.455ns (79.515%))
  Logic Levels:           3  (LUT4=2 LUT5=1)
  Clock Path Skew:        -0.039ns (DCD - SCD + CPR)
    Destination Clock Delay (DCD):    4.776ns = ( 14.776 - 10.000 ) 
    Source Clock Delay      (SCD):    5.075ns
    Clock Pessimism Removal (CPR):    0.260ns
  Clock Uncertainty:      0.035ns  ((TSJ^2 + TIJ^2)^1/2 + DJ) / 2 + PE
    Total System Jitter     (TSJ):    0.071ns
    Total Input Jitter      (TIJ):    0.000ns
    Discrete Jitter          (DJ):    0.000ns
    Phase Error              (PE):    0.000ns

    Location             Delay type                Incr(ns)  Path(ns)    Netlist Resource(s)
  -------------------------------------------------------------------    -------------------
                         (clock sys_clk_pin rise edge)
                                                      0.000     0.000 r  
    W5                                                0.000     0.000 r  Clk (IN)
                         net (fo=0)                   0.000     0.000    Clk
    W5                   IBUF (Prop_ibuf_I_O)         1.458     1.458 r  Clk_IBUF_inst/O
                         net (fo=1, routed)           1.967     3.425    Clk_IBUF
    BUFGCTRL_X0Y0        BUFG (Prop_bufg_I_O)         0.096     3.521 r  Clk_IBUF_BUFG_inst/O
                         net (fo=34, routed)          1.554     5.075    SlowClk/Clk_IBUF_BUFG
    SLICE_X50Y22         FDRE                                         r  SlowClk/count_reg[20]/C
  -------------------------------------------------------------------    -------------------
    SLICE_X50Y22         FDRE (Prop_fdre_C_Q)         0.518     5.593 r  SlowClk/count_reg[20]/Q
                         net (fo=2, routed)           0.809     6.403    SlowClk/count[20]
    SLICE_X51Y23         LUT4 (Prop_lut4_I1_O)        0.124     6.527 f  SlowClk/count[31]_i_9/O
                         net (fo=1, routed)           0.401     6.928    SlowClk/count[31]_i_9_n_0
    SLICE_X51Y22         LUT5 (Prop_lut5_I4_O)        0.124     7.052 f  SlowClk/count[31]_i_5/O
                         net (fo=3, routed)           1.177     8.229    SlowClk/count[31]_i_5_n_0
    SLICE_X51Y18         LUT4 (Prop_lut4_I3_O)        0.124     8.353 r  SlowClk/count[31]_i_1/O
                         net (fo=31, routed)          1.067     9.420    SlowClk/count[31]_i_1_n_0
    SLICE_X50Y25         FDRE                                         r  SlowClk/count_reg[29]/R
  -------------------------------------------------------------------    -------------------

                         (clock sys_clk_pin rise edge)
                                                     10.000    10.000 r  
    W5                                                0.000    10.000 r  Clk (IN)
                         net (fo=0)                   0.000    10.000    Clk
    W5                   IBUF (Prop_ibuf_I_O)         1.388    11.388 r  Clk_IBUF_inst/O
                         net (fo=1, routed)           1.862    13.250    Clk_IBUF
    BUFGCTRL_X0Y0        BUFG (Prop_bufg_I_O)         0.091    13.341 r  Clk_IBUF_BUFG_inst/O
                         net (fo=34, routed)          1.435    14.776    SlowClk/Clk_IBUF_BUFG
    SLICE_X50Y25         FDRE                                         r  SlowClk/count_reg[29]/C
                         clock pessimism              0.260    15.036    
                         clock uncertainty           -0.035    15.001    
    SLICE_X50Y25         FDRE (Setup_fdre_C_R)       -0.524    14.477    SlowClk/count_reg[29]
  -------------------------------------------------------------------
                         required time                         14.477    
                         arrival time                          -9.420    
  -------------------------------------------------------------------
                         slack                                  5.057    

Slack (MET) :             5.057ns  (required time - arrival time)
  Source:                 SlowClk/count_reg[20]/C
                            (rising edge-triggered cell FDRE clocked by sys_clk_pin  {rise@0.000ns fall@5.000ns period=10.000ns})
  Destination:            SlowClk/count_reg[30]/R
                            (rising edge-triggered cell FDRE clocked by sys_clk_pin  {rise@0.000ns fall@5.000ns period=10.000ns})
  Path Group:             sys_clk_pin
  Path Type:              Setup (Max at Slow Process Corner)
  Requirement:            10.000ns  (sys_clk_pin rise@10.000ns - sys_clk_pin rise@0.000ns)
  Data Path Delay:        4.345ns  (logic 0.890ns (20.485%)  route 3.455ns (79.515%))
  Logic Levels:           3  (LUT4=2 LUT5=1)
  Clock Path Skew:        -0.039ns (DCD - SCD + CPR)
    Destination Clock Delay (DCD):    4.776ns = ( 14.776 - 10.000 ) 
    Source Clock Delay      (SCD):    5.075ns
    Clock Pessimism Removal (CPR):    0.260ns
  Clock Uncertainty:      0.035ns  ((TSJ^2 + TIJ^2)^1/2 + DJ) / 2 + PE
    Total System Jitter     (TSJ):    0.071ns
    Total Input Jitter      (TIJ):    0.000ns
    Discrete Jitter          (DJ):    0.000ns
    Phase Error              (PE):    0.000ns

    Location             Delay type                Incr(ns)  Path(ns)    Netlist Resource(s)
  -------------------------------------------------------------------    -------------------
                         (clock sys_clk_pin rise edge)
                                                      0.000     0.000 r  
    W5                                                0.000     0.000 r  Clk (IN)
                         net (fo=0)                   0.000     0.000    Clk
    W5                   IBUF (Prop_ibuf_I_O)         1.458     1.458 r  Clk_IBUF_inst/O
                         net (fo=1, routed)           1.967     3.425    Clk_IBUF
    BUFGCTRL_X0Y0        BUFG (Prop_bufg_I_O)         0.096     3.521 r  Clk_IBUF_BUFG_inst/O
                         net (fo=34, routed)          1.554     5.075    SlowClk/Clk_IBUF_BUFG
    SLICE_X50Y22         FDRE                                         r  SlowClk/count_reg[20]/C
  -------------------------------------------------------------------    -------------------
    SLICE_X50Y22         FDRE (Prop_fdre_C_Q)         0.518     5.593 r  SlowClk/count_reg[20]/Q
                         net (fo=2, routed)           0.809     6.403    SlowClk/count[20]
    SLICE_X51Y23         LUT4 (Prop_lut4_I1_O)        0.124     6.527 f  SlowClk/count[31]_i_9/O
                         net (fo=1, routed)           0.401     6.928    SlowClk/count[31]_i_9_n_0
    SLICE_X51Y22         LUT5 (Prop_lut5_I4_O)        0.124     7.052 f  SlowClk/count[31]_i_5/O
                         net (fo=3, routed)           1.177     8.229    SlowClk/count[31]_i_5_n_0
    SLICE_X51Y18         LUT4 (Prop_lut4_I3_O)        0.124     8.353 r  SlowClk/count[31]_i_1/O
                         net (fo=31, routed)          1.067     9.420    SlowClk/count[31]_i_1_n_0
    SLICE_X50Y25         FDRE                                         r  SlowClk/count_reg[30]/R
  -------------------------------------------------------------------    -------------------

                         (clock sys_clk_pin rise edge)
                                                     10.000    10.000 r  
    W5                                                0.000    10.000 r  Clk (IN)
                         net (fo=0)                   0.000    10.000    Clk
    W5                   IBUF (Prop_ibuf_I_O)         1.388    11.388 r  Clk_IBUF_inst/O
                         net (fo=1, routed)           1.862    13.250    Clk_IBUF
    BUFGCTRL_X0Y0        BUFG (Prop_bufg_I_O)         0.091    13.341 r  Clk_IBUF_BUFG_inst/O
                         net (fo=34, routed)          1.435    14.776    SlowClk/Clk_IBUF_BUFG
    SLICE_X50Y25         FDRE                                         r  SlowClk/count_reg[30]/C
                         clock pessimism              0.260    15.036    
                         clock uncertainty           -0.035    15.001    
    SLICE_X50Y25         FDRE (Setup_fdre_C_R)       -0.524    14.477    SlowClk/count_reg[30]
  -------------------------------------------------------------------
                         required time                         14.477    
                         arrival time                          -9.420    
  -------------------------------------------------------------------
                         slack                                  5.057    





Min Delay Paths
--------------------------------------------------------------------------------------
Slack (MET) :             0.265ns  (arrival time - required time)
  Source:                 SlowClk/count_reg[23]/C
                            (rising edge-triggered cell FDRE clocked by sys_clk_pin  {rise@0.000ns fall@5.000ns period=10.000ns})
  Destination:            SlowClk/count_reg[23]/D
                            (rising edge-triggered cell FDRE clocked by sys_clk_pin  {rise@0.000ns fall@5.000ns period=10.000ns})
  Path Group:             sys_clk_pin
  Path Type:              Hold (Min at Fast Process Corner)
  Requirement:            0.000ns  (sys_clk_pin rise@0.000ns - sys_clk_pin rise@0.000ns)
  Data Path Delay:        0.399ns  (logic 0.274ns (68.589%)  route 0.125ns (31.411%))
  Logic Levels:           1  (CARRY4=1)
  Clock Path Skew:        0.000ns (DCD - SCD - CPR)
    Destination Clock Delay (DCD):    1.949ns
    Source Clock Delay      (SCD):    1.437ns
    Clock Pessimism Removal (CPR):    0.512ns

    Location             Delay type                Incr(ns)  Path(ns)    Netlist Resource(s)
  -------------------------------------------------------------------    -------------------
                         (clock sys_clk_pin rise edge)
                                                      0.000     0.000 r  
    W5                                                0.000     0.000 r  Clk (IN)
                         net (fo=0)                   0.000     0.000    Clk
    W5                   IBUF (Prop_ibuf_I_O)         0.226     0.226 r  Clk_IBUF_inst/O
                         net (fo=1, routed)           0.631     0.858    Clk_IBUF
    BUFGCTRL_X0Y0        BUFG (Prop_bufg_I_O)         0.026     0.884 r  Clk_IBUF_BUFG_inst/O
                         net (fo=34, routed)          0.554     1.437    SlowClk/Clk_IBUF_BUFG
    SLICE_X50Y23         FDRE                                         r  SlowClk/count_reg[23]/C
  -------------------------------------------------------------------    -------------------
    SLICE_X50Y23         FDRE (Prop_fdre_C_Q)         0.164     1.601 r  SlowClk/count_reg[23]/Q
                         net (fo=2, routed)           0.125     1.727    SlowClk/count[23]
    SLICE_X50Y23         CARRY4 (Prop_carry4_S[2]_O[2])
                                                      0.110     1.837 r  SlowClk/count0_carry__4/O[2]
                         net (fo=1, routed)           0.000     1.837    SlowClk/data0[23]
    SLICE_X50Y23         FDRE                                         r  SlowClk/count_reg[23]/D
  -------------------------------------------------------------------    -------------------

                         (clock sys_clk_pin rise edge)
                                                      0.000     0.000 r  
    W5                                                0.000     0.000 r  Clk (IN)
                         net (fo=0)                   0.000     0.000    Clk
    W5                   IBUF (Prop_ibuf_I_O)         0.414     0.414 r  Clk_IBUF_inst/O
                         net (fo=1, routed)           0.685     1.099    Clk_IBUF
    BUFGCTRL_X0Y0        BUFG (Prop_bufg_I_O)         0.029     1.128 r  Clk_IBUF_BUFG_inst/O
                         net (fo=34, routed)          0.822     1.949    SlowClk/Clk_IBUF_BUFG
    SLICE_X50Y23         FDRE                                         r  SlowClk/count_reg[23]/C
                         clock pessimism             -0.512     1.437    
    SLICE_X50Y23         FDRE (Hold_fdre_C_D)         0.134     1.571    SlowClk/count_reg[23]
  -------------------------------------------------------------------
                         required time                         -1.571    
                         arrival time                           1.837    
  -------------------------------------------------------------------
                         slack                                  0.265    

Slack (MET) :             0.265ns  (arrival time - required time)
  Source:                 SlowClk/count_reg[31]/C
                            (rising edge-triggered cell FDRE clocked by sys_clk_pin  {rise@0.000ns fall@5.000ns period=10.000ns})
  Destination:            SlowClk/count_reg[31]/D
                            (rising edge-triggered cell FDRE clocked by sys_clk_pin  {rise@0.000ns fall@5.000ns period=10.000ns})
  Path Group:             sys_clk_pin
  Path Type:              Hold (Min at Fast Process Corner)
  Requirement:            0.000ns  (sys_clk_pin rise@0.000ns - sys_clk_pin rise@0.000ns)
  Data Path Delay:        0.399ns  (logic 0.274ns (68.589%)  route 0.125ns (31.411%))
  Logic Levels:           1  (CARRY4=1)
  Clock Path Skew:        0.000ns (DCD - SCD - CPR)
    Destination Clock Delay (DCD):    1.948ns
    Source Clock Delay      (SCD):    1.436ns
    Clock Pessimism Removal (CPR):    0.512ns

    Location             Delay type                Incr(ns)  Path(ns)    Netlist Resource(s)
  -------------------------------------------------------------------    -------------------
                         (clock sys_clk_pin rise edge)
                                                      0.000     0.000 r  
    W5                                                0.000     0.000 r  Clk (IN)
                         net (fo=0)                   0.000     0.000    Clk
    W5                   IBUF (Prop_ibuf_I_O)         0.226     0.226 r  Clk_IBUF_inst/O
                         net (fo=1, routed)           0.631     0.858    Clk_IBUF
    BUFGCTRL_X0Y0        BUFG (Prop_bufg_I_O)         0.026     0.884 r  Clk_IBUF_BUFG_inst/O
                         net (fo=34, routed)          0.553     1.436    SlowClk/Clk_IBUF_BUFG
    SLICE_X50Y25         FDRE                                         r  SlowClk/count_reg[31]/C
  -------------------------------------------------------------------    -------------------
    SLICE_X50Y25         FDRE (Prop_fdre_C_Q)         0.164     1.600 r  SlowClk/count_reg[31]/Q
                         net (fo=2, routed)           0.125     1.726    SlowClk/count[31]
    SLICE_X50Y25         CARRY4 (Prop_carry4_S[2]_O[2])
                                                      0.110     1.836 r  SlowClk/count0_carry__6/O[2]
                         net (fo=1, routed)           0.000     1.836    SlowClk/data0[31]
    SLICE_X50Y25         FDRE                                         r  SlowClk/count_reg[31]/D
  -------------------------------------------------------------------    -------------------

                         (clock sys_clk_pin rise edge)
                                                      0.000     0.000 r  
    W5                                                0.000     0.000 r  Clk (IN)
                         net (fo=0)                   0.000     0.000    Clk
    W5                   IBUF (Prop_ibuf_I_O)         0.414     0.414 r  Clk_IBUF_inst/O
                         net (fo=1, routed)           0.685     1.099    Clk_IBUF
    BUFGCTRL_X0Y0        BUFG (Prop_bufg_I_O)         0.029     1.128 r  Clk_IBUF_BUFG_inst/O
                         net (fo=34, routed)          0.821     1.948    SlowClk/Clk_IBUF_BUFG
    SLICE_X50Y25         FDRE                                         r  SlowClk/count_reg[31]/C
                         clock pessimism             -0.512     1.436    
    SLICE_X50Y25         FDRE (Hold_fdre_C_D)         0.134     1.570    SlowClk/count_reg[31]
  -------------------------------------------------------------------
                         required time                         -1.570    
                         arrival time                           1.836    
  -------------------------------------------------------------------
                         slack                                  0.265    

Slack (MET) :             0.265ns  (arrival time - required time)
  Source:                 SlowClk/count_reg[7]/C
                            (rising edge-triggered cell FDRE clocked by sys_clk_pin  {rise@0.000ns fall@5.000ns period=10.000ns})
  Destination:            SlowClk/count_reg[7]/D
                            (rising edge-triggered cell FDRE clocked by sys_clk_pin  {rise@0.000ns fall@5.000ns period=10.000ns})
  Path Group:             sys_clk_pin
  Path Type:              Hold (Min at Fast Process Corner)
  Requirement:            0.000ns  (sys_clk_pin rise@0.000ns - sys_clk_pin rise@0.000ns)
  Data Path Delay:        0.399ns  (logic 0.274ns (68.589%)  route 0.125ns (31.411%))
  Logic Levels:           1  (CARRY4=1)
  Clock Path Skew:        0.000ns (DCD - SCD - CPR)
    Destination Clock Delay (DCD):    1.954ns
    Source Clock Delay      (SCD):    1.441ns
    Clock Pessimism Removal (CPR):    0.513ns

    Location             Delay type                Incr(ns)  Path(ns)    Netlist Resource(s)
  -------------------------------------------------------------------    -------------------
                         (clock sys_clk_pin rise edge)
                                                      0.000     0.000 r  
    W5                                                0.000     0.000 r  Clk (IN)
                         net (fo=0)                   0.000     0.000    Clk
    W5                   IBUF (Prop_ibuf_I_O)         0.226     0.226 r  Clk_IBUF_inst/O
                         net (fo=1, routed)           0.631     0.858    Clk_IBUF
    BUFGCTRL_X0Y0        BUFG (Prop_bufg_I_O)         0.026     0.884 r  Clk_IBUF_BUFG_inst/O
                         net (fo=34, routed)          0.558     1.441    SlowClk/Clk_IBUF_BUFG
    SLICE_X50Y19         FDRE                                         r  SlowClk/count_reg[7]/C
  -------------------------------------------------------------------    -------------------
    SLICE_X50Y19         FDRE (Prop_fdre_C_Q)         0.164     1.605 r  SlowClk/count_reg[7]/Q
                         net (fo=2, routed)           0.125     1.731    SlowClk/count[7]
    SLICE_X50Y19         CARRY4 (Prop_carry4_S[2]_O[2])
                                                      0.110     1.841 r  SlowClk/count0_carry__0/O[2]
                         net (fo=1, routed)           0.000     1.841    SlowClk/data0[7]
    SLICE_X50Y19         FDRE                                         r  SlowClk/count_reg[7]/D
  -------------------------------------------------------------------    -------------------

                         (clock sys_clk_pin rise edge)
                                                      0.000     0.000 r  
    W5                                                0.000     0.000 r  Clk (IN)
                         net (fo=0)                   0.000     0.000    Clk
    W5                   IBUF (Prop_ibuf_I_O)         0.414     0.414 r  Clk_IBUF_inst/O
                         net (fo=1, routed)           0.685     1.099    Clk_IBUF
    BUFGCTRL_X0Y0        BUFG (Prop_bufg_I_O)         0.029     1.128 r  Clk_IBUF_BUFG_inst/O
                         net (fo=34, routed)          0.827     1.954    SlowClk/Clk_IBUF_BUFG
    SLICE_X50Y19         FDRE                                         r  SlowClk/count_reg[7]/C
                         clock pessimism             -0.513     1.441    
    SLICE_X50Y19         FDRE (Hold_fdre_C_D)         0.134     1.575    SlowClk/count_reg[7]
  -------------------------------------------------------------------
                         required time                         -1.575    
                         arrival time                           1.841    
  -------------------------------------------------------------------
                         slack                                  0.265    

Slack (MET) :             0.265ns  (arrival time - required time)
  Source:                 SlowClk/count_reg[15]/C
                            (rising edge-triggered cell FDRE clocked by sys_clk_pin  {rise@0.000ns fall@5.000ns period=10.000ns})
  Destination:            SlowClk/count_reg[15]/D
                            (rising edge-triggered cell FDRE clocked by sys_clk_pin  {rise@0.000ns fall@5.000ns period=10.000ns})
  Path Group:             sys_clk_pin
  Path Type:              Hold (Min at Fast Process Corner)
  Requirement:            0.000ns  (sys_clk_pin rise@0.000ns - sys_clk_pin rise@0.000ns)
  Data Path Delay:        0.399ns  (logic 0.274ns (68.589%)  route 0.125ns (31.411%))
  Logic Levels:           1  (CARRY4=1)
  Clock Path Skew:        0.000ns (DCD - SCD - CPR)
    Destination Clock Delay (DCD):    1.952ns
    Source Clock Delay      (SCD):    1.439ns
    Clock Pessimism Removal (CPR):    0.513ns

    Location             Delay type                Incr(ns)  Path(ns)    Netlist Resource(s)
  -------------------------------------------------------------------    -------------------
                         (clock sys_clk_pin rise edge)
                                                      0.000     0.000 r  
    W5                                                0.000     0.000 r  Clk (IN)
                         net (fo=0)                   0.000     0.000    Clk
    W5                   IBUF (Prop_ibuf_I_O)         0.226     0.226 r  Clk_IBUF_inst/O
                         net (fo=1, routed)           0.631     0.858    Clk_IBUF
    BUFGCTRL_X0Y0        BUFG (Prop_bufg_I_O)         0.026     0.884 r  Clk_IBUF_BUFG_inst/O
                         net (fo=34, routed)          0.556     1.439    SlowClk/Clk_IBUF_BUFG
    SLICE_X50Y21         FDRE                                         r  SlowClk/count_reg[15]/C
  -------------------------------------------------------------------    -------------------
    SLICE_X50Y21         FDRE (Prop_fdre_C_Q)         0.164     1.603 r  SlowClk/count_reg[15]/Q
                         net (fo=2, routed)           0.125     1.729    SlowClk/count[15]
    SLICE_X50Y21         CARRY4 (Prop_carry4_S[2]_O[2])
                                                      0.110     1.839 r  SlowClk/count0_carry__2/O[2]
                         net (fo=1, routed)           0.000     1.839    SlowClk/data0[15]
    SLICE_X50Y21         FDRE                                         r  SlowClk/count_reg[15]/D
  -------------------------------------------------------------------    -------------------

                         (clock sys_clk_pin rise edge)
                                                      0.000     0.000 r  
    W5                                                0.000     0.000 r  Clk (IN)
                         net (fo=0)                   0.000     0.000    Clk
    W5                   IBUF (Prop_ibuf_I_O)         0.414     0.414 r  Clk_IBUF_inst/O
                         net (fo=1, routed)           0.685     1.099    Clk_IBUF
    BUFGCTRL_X0Y0        BUFG (Prop_bufg_I_O)         0.029     1.128 r  Clk_IBUF_BUFG_inst/O
                         net (fo=34, routed)          0.825     1.952    SlowClk/Clk_IBUF_BUFG
    SLICE_X50Y21         FDRE                                         r  SlowClk/count_reg[15]/C
                         clock pessimism             -0.513     1.439    
    SLICE_X50Y21         FDRE (Hold_fdre_C_D)         0.134     1.573    SlowClk/count_reg[15]
  -------------------------------------------------------------------
                         required time                         -1.573    
                         arrival time                           1.839    
  -------------------------------------------------------------------
                         slack                                  0.265    

Slack (MET) :             0.266ns  (arrival time - required time)
  Source:                 SlowClk/count_reg[27]/C
                            (rising edge-triggered cell FDRE clocked by sys_clk_pin  {rise@0.000ns fall@5.000ns period=10.000ns})
  Destination:            SlowClk/count_reg[27]/D
                            (rising edge-triggered cell FDRE clocked by sys_clk_pin  {rise@0.000ns fall@5.000ns period=10.000ns})
  Path Group:             sys_clk_pin
  Path Type:              Hold (Min at Fast Process Corner)
  Requirement:            0.000ns  (sys_clk_pin rise@0.000ns - sys_clk_pin rise@0.000ns)
  Data Path Delay:        0.400ns  (logic 0.274ns (68.524%)  route 0.126ns (31.476%))
  Logic Levels:           1  (CARRY4=1)
  Clock Path Skew:        0.000ns (DCD - SCD - CPR)
    Destination Clock Delay (DCD):    1.948ns
    Source Clock Delay      (SCD):    1.436ns
    Clock Pessimism Removal (CPR):    0.512ns

    Location             Delay type                Incr(ns)  Path(ns)    Netlist Resource(s)
  -------------------------------------------------------------------    -------------------
                         (clock sys_clk_pin rise edge)
                                                      0.000     0.000 r  
    W5                                                0.000     0.000 r  Clk (IN)
                         net (fo=0)                   0.000     0.000    Clk
    W5                   IBUF (Prop_ibuf_I_O)         0.226     0.226 r  Clk_IBUF_inst/O
                         net (fo=1, routed)           0.631     0.858    Clk_IBUF
    BUFGCTRL_X0Y0        BUFG (Prop_bufg_I_O)         0.026     0.884 r  Clk_IBUF_BUFG_inst/O
                         net (fo=34, routed)          0.553     1.436    SlowClk/Clk_IBUF_BUFG
    SLICE_X50Y24         FDRE                                         r  SlowClk/count_reg[27]/C
  -------------------------------------------------------------------    -------------------
    SLICE_X50Y24         FDRE (Prop_fdre_C_Q)         0.164     1.600 r  SlowClk/count_reg[27]/Q
                         net (fo=2, routed)           0.126     1.726    SlowClk/count[27]
    SLICE_X50Y24         CARRY4 (Prop_carry4_S[2]_O[2])
                                                      0.110     1.836 r  SlowClk/count0_carry__5/O[2]
                         net (fo=1, routed)           0.000     1.836    SlowClk/data0[27]
    SLICE_X50Y24         FDRE                                         r  SlowClk/count_reg[27]/D
  -------------------------------------------------------------------    -------------------

                         (clock sys_clk_pin rise edge)
                                                      0.000     0.000 r  
    W5                                                0.000     0.000 r  Clk (IN)
                         net (fo=0)                   0.000     0.000    Clk
    W5                   IBUF (Prop_ibuf_I_O)         0.414     0.414 r  Clk_IBUF_inst/O
                         net (fo=1, routed)           0.685     1.099    Clk_IBUF
    BUFGCTRL_X0Y0        BUFG (Prop_bufg_I_O)         0.029     1.128 r  Clk_IBUF_BUFG_inst/O
                         net (fo=34, routed)          0.821     1.948    SlowClk/Clk_IBUF_BUFG
    SLICE_X50Y24         FDRE                                         r  SlowClk/count_reg[27]/C
                         clock pessimism             -0.512     1.436    
    SLICE_X50Y24         FDRE (Hold_fdre_C_D)         0.134     1.570    SlowClk/count_reg[27]
  -------------------------------------------------------------------
                         required time                         -1.570    
                         arrival time                           1.836    
  -------------------------------------------------------------------
                         slack                                  0.266    

Slack (MET) :             0.278ns  (arrival time - required time)
  Source:                 SlowClk/Clk_out_reg/C
                            (rising edge-triggered cell FDRE clocked by sys_clk_pin  {rise@0.000ns fall@5.000ns period=10.000ns})
  Destination:            SlowClk/Clk_out_reg/D
                            (rising edge-triggered cell FDRE clocked by sys_clk_pin  {rise@0.000ns fall@5.000ns period=10.000ns})
  Path Group:             sys_clk_pin
  Path Type:              Hold (Min at Fast Process Corner)
  Requirement:            0.000ns  (sys_clk_pin rise@0.000ns - sys_clk_pin rise@0.000ns)
  Data Path Delay:        0.369ns  (logic 0.186ns (50.452%)  route 0.183ns (49.548%))
  Logic Levels:           1  (LUT6=1)
  Clock Path Skew:        0.000ns (DCD - SCD - CPR)
    Destination Clock Delay (DCD):    1.955ns
    Source Clock Delay      (SCD):    1.442ns
    Clock Pessimism Removal (CPR):    0.513ns

    Location             Delay type                Incr(ns)  Path(ns)    Netlist Resource(s)
  -------------------------------------------------------------------    -------------------
                         (clock sys_clk_pin rise edge)
                                                      0.000     0.000 r  
    W5                                                0.000     0.000 r  Clk (IN)
                         net (fo=0)                   0.000     0.000    Clk
    W5                   IBUF (Prop_ibuf_I_O)         0.226     0.226 r  Clk_IBUF_inst/O
                         net (fo=1, routed)           0.631     0.858    Clk_IBUF
    BUFGCTRL_X0Y0        BUFG (Prop_bufg_I_O)         0.026     0.884 r  Clk_IBUF_BUFG_inst/O
                         net (fo=34, routed)          0.559     1.442    SlowClk/Clk_IBUF_BUFG
    SLICE_X51Y18         FDRE                                         r  SlowClk/Clk_out_reg/C
  -------------------------------------------------------------------    -------------------
    SLICE_X51Y18         FDRE (Prop_fdre_C_Q)         0.141     1.583 r  SlowClk/Clk_out_reg/Q
                         net (fo=16, routed)          0.183     1.766    SlowClk/CLK
    SLICE_X51Y18         LUT6 (Prop_lut6_I5_O)        0.045     1.811 r  SlowClk/Clk_out_i_1/O
                         net (fo=1, routed)           0.000     1.811    SlowClk/Clk_out_i_1_n_0
    SLICE_X51Y18         FDRE                                         r  SlowClk/Clk_out_reg/D
  -------------------------------------------------------------------    -------------------

                         (clock sys_clk_pin rise edge)
                                                      0.000     0.000 r  
    W5                                                0.000     0.000 r  Clk (IN)
                         net (fo=0)                   0.000     0.000    Clk
    W5                   IBUF (Prop_ibuf_I_O)         0.414     0.414 r  Clk_IBUF_inst/O
                         net (fo=1, routed)           0.685     1.099    Clk_IBUF
    BUFGCTRL_X0Y0        BUFG (Prop_bufg_I_O)         0.029     1.128 r  Clk_IBUF_BUFG_inst/O
                         net (fo=34, routed)          0.828     1.955    SlowClk/Clk_IBUF_BUFG
    SLICE_X51Y18         FDRE                                         r  SlowClk/Clk_out_reg/C
                         clock pessimism             -0.513     1.442    
    SLICE_X51Y18         FDRE (Hold_fdre_C_D)         0.091     1.533    SlowClk/Clk_out_reg
  -------------------------------------------------------------------
                         required time                         -1.533    
                         arrival time                           1.811    
  -------------------------------------------------------------------
                         slack                                  0.278    

Slack (MET) :             0.301ns  (arrival time - required time)
  Source:                 SlowClk/count_reg[23]/C
                            (rising edge-triggered cell FDRE clocked by sys_clk_pin  {rise@0.000ns fall@5.000ns period=10.000ns})
  Destination:            SlowClk/count_reg[24]/D
                            (rising edge-triggered cell FDRE clocked by sys_clk_pin  {rise@0.000ns fall@5.000ns period=10.000ns})
  Path Group:             sys_clk_pin
  Path Type:              Hold (Min at Fast Process Corner)
  Requirement:            0.000ns  (sys_clk_pin rise@0.000ns - sys_clk_pin rise@0.000ns)
  Data Path Delay:        0.435ns  (logic 0.310ns (71.185%)  route 0.125ns (28.815%))
  Logic Levels:           1  (CARRY4=1)
  Clock Path Skew:        0.000ns (DCD - SCD - CPR)
    Destination Clock Delay (DCD):    1.949ns
    Source Clock Delay      (SCD):    1.437ns
    Clock Pessimism Removal (CPR):    0.512ns

    Location             Delay type                Incr(ns)  Path(ns)    Netlist Resource(s)
  -------------------------------------------------------------------    -------------------
                         (clock sys_clk_pin rise edge)
                                                      0.000     0.000 r  
    W5                                                0.000     0.000 r  Clk (IN)
                         net (fo=0)                   0.000     0.000    Clk
    W5                   IBUF (Prop_ibuf_I_O)         0.226     0.226 r  Clk_IBUF_inst/O
                         net (fo=1, routed)           0.631     0.858    Clk_IBUF
    BUFGCTRL_X0Y0        BUFG (Prop_bufg_I_O)         0.026     0.884 r  Clk_IBUF_BUFG_inst/O
                         net (fo=34, routed)          0.554     1.437    SlowClk/Clk_IBUF_BUFG
    SLICE_X50Y23         FDRE                                         r  SlowClk/count_reg[23]/C
  -------------------------------------------------------------------    -------------------
    SLICE_X50Y23         FDRE (Prop_fdre_C_Q)         0.164     1.601 r  SlowClk/count_reg[23]/Q
                         net (fo=2, routed)           0.125     1.727    SlowClk/count[23]
    SLICE_X50Y23         CARRY4 (Prop_carry4_S[2]_O[3])
                                                      0.146     1.873 r  SlowClk/count0_carry__4/O[3]
                         net (fo=1, routed)           0.000     1.873    SlowClk/data0[24]
    SLICE_X50Y23         FDRE                                         r  SlowClk/count_reg[24]/D
  -------------------------------------------------------------------    -------------------

                         (clock sys_clk_pin rise edge)
                                                      0.000     0.000 r  
    W5                                                0.000     0.000 r  Clk (IN)
                         net (fo=0)                   0.000     0.000    Clk
    W5                   IBUF (Prop_ibuf_I_O)         0.414     0.414 r  Clk_IBUF_inst/O
                         net (fo=1, routed)           0.685     1.099    Clk_IBUF
    BUFGCTRL_X0Y0        BUFG (Prop_bufg_I_O)         0.029     1.128 r  Clk_IBUF_BUFG_inst/O
                         net (fo=34, routed)          0.822     1.949    SlowClk/Clk_IBUF_BUFG
    SLICE_X50Y23         FDRE                                         r  SlowClk/count_reg[24]/C
                         clock pessimism             -0.512     1.437    
    SLICE_X50Y23         FDRE (Hold_fdre_C_D)         0.134     1.571    SlowClk/count_reg[24]
  -------------------------------------------------------------------
                         required time                         -1.571    
                         arrival time                           1.873    
  -------------------------------------------------------------------
                         slack                                  0.301    

Slack (MET) :             0.301ns  (arrival time - required time)
  Source:                 SlowClk/count_reg[7]/C
                            (rising edge-triggered cell FDRE clocked by sys_clk_pin  {rise@0.000ns fall@5.000ns period=10.000ns})
  Destination:            SlowClk/count_reg[8]/D
                            (rising edge-triggered cell FDRE clocked by sys_clk_pin  {rise@0.000ns fall@5.000ns period=10.000ns})
  Path Group:             sys_clk_pin
  Path Type:              Hold (Min at Fast Process Corner)
  Requirement:            0.000ns  (sys_clk_pin rise@0.000ns - sys_clk_pin rise@0.000ns)
  Data Path Delay:        0.435ns  (logic 0.310ns (71.185%)  route 0.125ns (28.815%))
  Logic Levels:           1  (CARRY4=1)
  Clock Path Skew:        0.000ns (DCD - SCD - CPR)
    Destination Clock Delay (DCD):    1.954ns
    Source Clock Delay      (SCD):    1.441ns
    Clock Pessimism Removal (CPR):    0.513ns

    Location             Delay type                Incr(ns)  Path(ns)    Netlist Resource(s)
  -------------------------------------------------------------------    -------------------
                         (clock sys_clk_pin rise edge)
                                                      0.000     0.000 r  
    W5                                                0.000     0.000 r  Clk (IN)
                         net (fo=0)                   0.000     0.000    Clk
    W5                   IBUF (Prop_ibuf_I_O)         0.226     0.226 r  Clk_IBUF_inst/O
                         net (fo=1, routed)           0.631     0.858    Clk_IBUF
    BUFGCTRL_X0Y0        BUFG (Prop_bufg_I_O)         0.026     0.884 r  Clk_IBUF_BUFG_inst/O
                         net (fo=34, routed)          0.558     1.441    SlowClk/Clk_IBUF_BUFG
    SLICE_X50Y19         FDRE                                         r  SlowClk/count_reg[7]/C
  -------------------------------------------------------------------    -------------------
    SLICE_X50Y19         FDRE (Prop_fdre_C_Q)         0.164     1.605 r  SlowClk/count_reg[7]/Q
                         net (fo=2, routed)           0.125     1.731    SlowClk/count[7]
    SLICE_X50Y19         CARRY4 (Prop_carry4_S[2]_O[3])
                                                      0.146     1.877 r  SlowClk/count0_carry__0/O[3]
                         net (fo=1, routed)           0.000     1.877    SlowClk/data0[8]
    SLICE_X50Y19         FDRE                                         r  SlowClk/count_reg[8]/D
  -------------------------------------------------------------------    -------------------

                         (clock sys_clk_pin rise edge)
                                                      0.000     0.000 r  
    W5                                                0.000     0.000 r  Clk (IN)
                         net (fo=0)                   0.000     0.000    Clk
    W5                   IBUF (Prop_ibuf_I_O)         0.414     0.414 r  Clk_IBUF_inst/O
                         net (fo=1, routed)           0.685     1.099    Clk_IBUF
    BUFGCTRL_X0Y0        BUFG (Prop_bufg_I_O)         0.029     1.128 r  Clk_IBUF_BUFG_inst/O
                         net (fo=34, routed)          0.827     1.954    SlowClk/Clk_IBUF_BUFG
    SLICE_X50Y19         FDRE                                         r  SlowClk/count_reg[8]/C
                         clock pessimism             -0.513     1.441    
    SLICE_X50Y19         FDRE (Hold_fdre_C_D)         0.134     1.575    SlowClk/count_reg[8]
  -------------------------------------------------------------------
                         required time                         -1.575    
                         arrival time                           1.877    
  -------------------------------------------------------------------
                         slack                                  0.301    

Slack (MET) :             0.301ns  (arrival time - required time)
  Source:                 SlowClk/count_reg[15]/C
                            (rising edge-triggered cell FDRE clocked by sys_clk_pin  {rise@0.000ns fall@5.000ns period=10.000ns})
  Destination:            SlowClk/count_reg[16]/D
                            (rising edge-triggered cell FDRE clocked by sys_clk_pin  {rise@0.000ns fall@5.000ns period=10.000ns})
  Path Group:             sys_clk_pin
  Path Type:              Hold (Min at Fast Process Corner)
  Requirement:            0.000ns  (sys_clk_pin rise@0.000ns - sys_clk_pin rise@0.000ns)
  Data Path Delay:        0.435ns  (logic 0.310ns (71.185%)  route 0.125ns (28.815%))
  Logic Levels:           1  (CARRY4=1)
  Clock Path Skew:        0.000ns (DCD - SCD - CPR)
    Destination Clock Delay (DCD):    1.952ns
    Source Clock Delay      (SCD):    1.439ns
    Clock Pessimism Removal (CPR):    0.513ns

    Location             Delay type                Incr(ns)  Path(ns)    Netlist Resource(s)
  -------------------------------------------------------------------    -------------------
                         (clock sys_clk_pin rise edge)
                                                      0.000     0.000 r  
    W5                                                0.000     0.000 r  Clk (IN)
                         net (fo=0)                   0.000     0.000    Clk
    W5                   IBUF (Prop_ibuf_I_O)         0.226     0.226 r  Clk_IBUF_inst/O
                         net (fo=1, routed)           0.631     0.858    Clk_IBUF
    BUFGCTRL_X0Y0        BUFG (Prop_bufg_I_O)         0.026     0.884 r  Clk_IBUF_BUFG_inst/O
                         net (fo=34, routed)          0.556     1.439    SlowClk/Clk_IBUF_BUFG
    SLICE_X50Y21         FDRE                                         r  SlowClk/count_reg[15]/C
  -------------------------------------------------------------------    -------------------
    SLICE_X50Y21         FDRE (Prop_fdre_C_Q)         0.164     1.603 r  SlowClk/count_reg[15]/Q
                         net (fo=2, routed)           0.125     1.729    SlowClk/count[15]
    SLICE_X50Y21         CARRY4 (Prop_carry4_S[2]_O[3])
                                                      0.146     1.875 r  SlowClk/count0_carry__2/O[3]
                         net (fo=1, routed)           0.000     1.875    SlowClk/data0[16]
    SLICE_X50Y21         FDRE                                         r  SlowClk/count_reg[16]/D
  -------------------------------------------------------------------    -------------------

                         (clock sys_clk_pin rise edge)
                                                      0.000     0.000 r  
    W5                                                0.000     0.000 r  Clk (IN)
                         net (fo=0)                   0.000     0.000    Clk
    W5                   IBUF (Prop_ibuf_I_O)         0.414     0.414 r  Clk_IBUF_inst/O
                         net (fo=1, routed)           0.685     1.099    Clk_IBUF
    BUFGCTRL_X0Y0        BUFG (Prop_bufg_I_O)         0.029     1.128 r  Clk_IBUF_BUFG_inst/O
                         net (fo=34, routed)          0.825     1.952    SlowClk/Clk_IBUF_BUFG
    SLICE_X50Y21         FDRE                                         r  SlowClk/count_reg[16]/C
                         clock pessimism             -0.513     1.439    
    SLICE_X50Y21         FDRE (Hold_fdre_C_D)         0.134     1.573    SlowClk/count_reg[16]
  -------------------------------------------------------------------
                         required time                         -1.573    
                         arrival time                           1.875    
  -------------------------------------------------------------------
                         slack                                  0.301    

Slack (MET) :             0.302ns  (arrival time - required time)
  Source:                 SlowClk/count_reg[27]/C
                            (rising edge-triggered cell FDRE clocked by sys_clk_pin  {rise@0.000ns fall@5.000ns period=10.000ns})
  Destination:            SlowClk/count_reg[28]/D
                            (rising edge-triggered cell FDRE clocked by sys_clk_pin  {rise@0.000ns fall@5.000ns period=10.000ns})
  Path Group:             sys_clk_pin
  Path Type:              Hold (Min at Fast Process Corner)
  Requirement:            0.000ns  (sys_clk_pin rise@0.000ns - sys_clk_pin rise@0.000ns)
  Data Path Delay:        0.436ns  (logic 0.310ns (71.124%)  route 0.126ns (28.876%))
  Logic Levels:           1  (CARRY4=1)
  Clock Path Skew:        0.000ns (DCD - SCD - CPR)
    Destination Clock Delay (DCD):    1.948ns
    Source Clock Delay      (SCD):    1.436ns
    Clock Pessimism Removal (CPR):    0.512ns

    Location             Delay type                Incr(ns)  Path(ns)    Netlist Resource(s)
  -------------------------------------------------------------------    -------------------
                         (clock sys_clk_pin rise edge)
                                                      0.000     0.000 r  
    W5                                                0.000     0.000 r  Clk (IN)
                         net (fo=0)                   0.000     0.000    Clk
    W5                   IBUF (Prop_ibuf_I_O)         0.226     0.226 r  Clk_IBUF_inst/O
                         net (fo=1, routed)           0.631     0.858    Clk_IBUF
    BUFGCTRL_X0Y0        BUFG (Prop_bufg_I_O)         0.026     0.884 r  Clk_IBUF_BUFG_inst/O
                         net (fo=34, routed)          0.553     1.436    SlowClk/Clk_IBUF_BUFG
    SLICE_X50Y24         FDRE                                         r  SlowClk/count_reg[27]/C
  -------------------------------------------------------------------    -------------------
    SLICE_X50Y24         FDRE (Prop_fdre_C_Q)         0.164     1.600 r  SlowClk/count_reg[27]/Q
                         net (fo=2, routed)           0.126     1.726    SlowClk/count[27]
    SLICE_X50Y24         CARRY4 (Prop_carry4_S[2]_O[3])
                                                      0.146     1.872 r  SlowClk/count0_carry__5/O[3]
                         net (fo=1, routed)           0.000     1.872    SlowClk/data0[28]
    SLICE_X50Y24         FDRE                                         r  SlowClk/count_reg[28]/D
  -------------------------------------------------------------------    -------------------

                         (clock sys_clk_pin rise edge)
                                                      0.000     0.000 r  
    W5                                                0.000     0.000 r  Clk (IN)
                         net (fo=0)                   0.000     0.000    Clk
    W5                   IBUF (Prop_ibuf_I_O)         0.414     0.414 r  Clk_IBUF_inst/O
                         net (fo=1, routed)           0.685     1.099    Clk_IBUF
    BUFGCTRL_X0Y0        BUFG (Prop_bufg_I_O)         0.029     1.128 r  Clk_IBUF_BUFG_inst/O
                         net (fo=34, routed)          0.821     1.948    SlowClk/Clk_IBUF_BUFG
    SLICE_X50Y24         FDRE                                         r  SlowClk/count_reg[28]/C
                         clock pessimism             -0.512     1.436    
    SLICE_X50Y24         FDRE (Hold_fdre_C_D)         0.134     1.570    SlowClk/count_reg[28]
  -------------------------------------------------------------------
                         required time                         -1.570    
                         arrival time                           1.872    
  -------------------------------------------------------------------
                         slack                                  0.302    





Pulse Width Checks
--------------------------------------------------------------------------------------
Clock Name:         sys_clk_pin
Waveform(ns):       { 0.000 5.000 }
Period(ns):         10.000
Sources:            { Clk }

Check Type        Corner  Lib Pin  Reference Pin  Required(ns)  Actual(ns)  Slack(ns)  Location       Pin
Min Period        n/a     BUFG/I   n/a            2.155         10.000      7.845      BUFGCTRL_X0Y0  Clk_IBUF_BUFG_inst/I
Min Period        n/a     FDRE/C   n/a            1.000         10.000      9.000      SLICE_X51Y18   SlowClk/Clk_out_reg/C
Min Period        n/a     FDRE/C   n/a            1.000         10.000      9.000      SLICE_X51Y18   SlowClk/clk_status_reg/C
Min Period        n/a     FDRE/C   n/a            1.000         10.000      9.000      SLICE_X51Y18   SlowClk/count_reg[0]/C
Min Period        n/a     FDRE/C   n/a            1.000         10.000      9.000      SLICE_X50Y20   SlowClk/count_reg[10]/C
Min Period        n/a     FDRE/C   n/a            1.000         10.000      9.000      SLICE_X50Y20   SlowClk/count_reg[11]/C
Min Period        n/a     FDRE/C   n/a            1.000         10.000      9.000      SLICE_X50Y20   SlowClk/count_reg[12]/C
Min Period        n/a     FDRE/C   n/a            1.000         10.000      9.000      SLICE_X50Y21   SlowClk/count_reg[13]/C
Min Period        n/a     FDRE/C   n/a            1.000         10.000      9.000      SLICE_X50Y21   SlowClk/count_reg[14]/C
Min Period        n/a     FDRE/C   n/a            1.000         10.000      9.000      SLICE_X50Y21   SlowClk/count_reg[15]/C
Low Pulse Width   Fast    FDRE/C   n/a            0.500         5.000       4.500      SLICE_X50Y24   SlowClk/count_reg[25]/C
Low Pulse Width   Fast    FDRE/C   n/a            0.500         5.000       4.500      SLICE_X50Y24   SlowClk/count_reg[26]/C
Low Pulse Width   Fast    FDRE/C   n/a            0.500         5.000       4.500      SLICE_X50Y24   SlowClk/count_reg[27]/C
Low Pulse Width   Fast    FDRE/C   n/a            0.500         5.000       4.500      SLICE_X50Y24   SlowClk/count_reg[28]/C
Low Pulse Width   Fast    FDRE/C   n/a            0.500         5.000       4.500      SLICE_X50Y25   SlowClk/count_reg[29]/C
Low Pulse Width   Fast    FDRE/C   n/a            0.500         5.000       4.500      SLICE_X50Y25   SlowClk/count_reg[30]/C
Low Pulse Width   Fast    FDRE/C   n/a            0.500         5.000       4.500      SLICE_X50Y25   SlowClk/count_reg[31]/C
Low Pulse Width   Slow    FDRE/C   n/a            0.500         5.000       4.500      SLICE_X51Y18   SlowClk/Clk_out_reg/C
Low Pulse Width   Slow    FDRE/C   n/a            0.500         5.000       4.500      SLICE_X51Y18   SlowClk/clk_status_reg/C
Low Pulse Width   Slow    FDRE/C   n/a            0.500         5.000       4.500      SLICE_X51Y18   SlowClk/count_reg[0]/C
High Pulse Width  Slow    FDRE/C   n/a            0.500         5.000       4.500      SLICE_X50Y20   SlowClk/count_reg[10]/C
High Pulse Width  Slow    FDRE/C   n/a            0.500         5.000       4.500      SLICE_X50Y20   SlowClk/count_reg[11]/C
High Pulse Width  Slow    FDRE/C   n/a            0.500         5.000       4.500      SLICE_X50Y20   SlowClk/count_reg[12]/C
High Pulse Width  Slow    FDRE/C   n/a            0.500         5.000       4.500      SLICE_X50Y21   SlowClk/count_reg[13]/C
High Pulse Width  Slow    FDRE/C   n/a            0.500         5.000       4.500      SLICE_X50Y21   SlowClk/count_reg[14]/C
High Pulse Width  Slow    FDRE/C   n/a            0.500         5.000       4.500      SLICE_X50Y21   SlowClk/count_reg[15]/C
High Pulse Width  Slow    FDRE/C   n/a            0.500         5.000       4.500      SLICE_X50Y21   SlowClk/count_reg[16]/C
High Pulse Width  Fast    FDRE/C   n/a            0.500         5.000       4.500      SLICE_X50Y22   SlowClk/count_reg[17]/C
High Pulse Width  Fast    FDRE/C   n/a            0.500         5.000       4.500      SLICE_X50Y22   SlowClk/count_reg[18]/C
High Pulse Width  Fast    FDRE/C   n/a            0.500         5.000       4.500      SLICE_X50Y22   SlowClk/count_reg[19]/C



