Copyright 1986-2018 Xilinx, Inc. All Rights Reserved.
-------------------------------------------------------------------------------------------------
| Tool Version : Vivado v.2018.1 (win64) Build 2188600 Wed Apr  4 18:40:38 MDT 2018
| Date         : Tue Jun 13 01:19:05 2023
| Host         : Chathuras-MSI running 64-bit major release  (build 9200)
| Command      : report_control_sets -verbose -file Nanoprocessor_Design_control_sets_placed.rpt
| Design       : Nanoprocessor_Design
| Device       : xc7a35t
-------------------------------------------------------------------------------------------------

Control Set Information

Table of Contents
-----------------
1. Summary
2. Histogram
3. Flip-Flop Distribution
4. Detailed Control Set Information

1. Summary
----------

+----------------------------------------------------------+-------+
|                          Status                          | Count |
+----------------------------------------------------------+-------+
| Number of unique control sets                            |     6 |
| Unused register locations in slices containing registers |    23 |
+----------------------------------------------------------+-------+


2. Histogram
------------

+--------+--------------+
| Fanout | Control Sets |
+--------+--------------+
|      3 |            2 |
|      4 |            3 |
|    16+ |            1 |
+--------+--------------+


3. Flip-Flop Distribution
-------------------------

+--------------+-----------------------+------------------------+-----------------+--------------+
| Clock Enable | Synchronous Set/Reset | Asynchronous Set/Reset | Total Registers | Total Slices |
+--------------+-----------------------+------------------------+-----------------+--------------+
| No           | No                    | No                     |               6 |            2 |
| No           | No                    | Yes                    |               0 |            0 |
| No           | Yes                   | No                     |              31 |            8 |
| Yes          | No                    | No                     |              12 |            4 |
| Yes          | No                    | Yes                    |               0 |            0 |
| Yes          | Yes                   | No                     |               0 |            0 |
+--------------+-----------------------+------------------------+-----------------+--------------+


4. Detailed Control Set Information
-----------------------------------

+----------------+------------------------------+---------------------------+------------------+----------------+
|  Clock Signal  |         Enable Signal        |      Set/Reset Signal     | Slice Load Count | Bel Load Count |
+----------------+------------------------------+---------------------------+------------------+----------------+
|  SlowClk/CLK   |                              |                           |                1 |              3 |
|  Clk_IBUF_BUFG |                              |                           |                1 |              3 |
|  SlowClk/CLK   | ProgramCounter/Q_reg[0][0]   |                           |                2 |              4 |
|  SlowClk/CLK   | ProgramCounter/Q_reg[0]_0[0] |                           |                1 |              4 |
|  SlowClk/CLK   | ProgramCounter/E[0]          |                           |                1 |              4 |
|  Clk_IBUF_BUFG |                              | SlowClk/count[31]_i_1_n_0 |                8 |             31 |
+----------------+------------------------------+---------------------------+------------------+----------------+


