Copyright 1986-2018 Xilinx, Inc. All Rights Reserved.
-----------------------------------------------------------------------------------------------------------------------------------------------------------------------
| Tool Version : Vivado v.2018.2.1 (win64) Build 2288692 Thu Jul 26 18:24:02 MDT 2018
| Date         : Tue Jun  6 15:25:44 2023
| Host         : LAPTOP-AH4SVABP running 64-bit major release  (build 9200)
| Command      : report_methodology -file Program_ROM_methodology_drc_routed.rpt -pb Program_ROM_methodology_drc_routed.pb -rpx Program_ROM_methodology_drc_routed.rpx
| Design       : Program_ROM
| Device       : xc7a35tcpg236-1
| Speed File   : -1
| Design State : Routed
-----------------------------------------------------------------------------------------------------------------------------------------------------------------------

Report Methodology

Table of Contents
-----------------
1. REPORT SUMMARY
2. REPORT DETAILS

1. REPORT SUMMARY
-----------------
            Netlist: netlist
          Floorplan: design_1
      Design limits: <entire design considered>
             Max violations: <unlimited>
             Violations found: 0
+------+----------+-------------+------------+
| Rule | Severity | Description | Violations |
+------+----------+-------------+------------+
+------+----------+-------------+------------+

2. REPORT DETAILS
-----------------

