
*** Running vivado
    with args -log Adder_3_Bit.vds -m64 -product Vivado -mode batch -messageDb vivado.pb -notrace -source Adder_3_Bit.tcl


****** Vivado v2018.2.1 (64-bit)
  **** SW Build 2288692 on Thu Jul 26 18:24:02 MDT 2018
  **** IP Build 2289599 on Thu Jul 26 21:09:20 MDT 2018
    ** Copyright 1986-2018 Xilinx, Inc. All Rights Reserved.

source Adder_3_Bit.tcl -notrace
Command: synth_design -top Adder_3_Bit -part xc7a35tcpg236-1
Starting synth_design
Attempting to get a license for feature 'Synthesis' and/or device 'xc7a35t'
INFO: [Common 17-349] Got license for feature 'Synthesis' and/or device 'xc7a35t'
INFO: Launching helper process for spawning children vivado processes
INFO: Helper process launched with PID 5956 
---------------------------------------------------------------------------------
Starting Synthesize : Time (s): cpu = 00:00:01 ; elapsed = 00:00:02 . Memory (MB): peak = 381.754 ; gain = 97.094
---------------------------------------------------------------------------------
INFO: [Synth 8-638] synthesizing module 'Adder_3_Bit' [F:/Workplace/Vivado/Nanoprocessor_Design/Nanoprocessor_Design.srcs/sources_1/new/Adder_3_Bit.vhd:41]
INFO: [Synth 8-3491] module 'FA' declared at 'F:/Workplace/Vivado/Nanoprocessor_Design/Nanoprocessor_Design.srcs/sources_1/imports/new/FA.vhd:34' bound to instance 'FA_0' of component 'FA' [F:/Workplace/Vivado/Nanoprocessor_Design/Nanoprocessor_Design.srcs/sources_1/new/Adder_3_Bit.vhd:54]
INFO: [Synth 8-638] synthesizing module 'FA' [F:/Workplace/Vivado/Nanoprocessor_Design/Nanoprocessor_Design.srcs/sources_1/imports/new/FA.vhd:42]
INFO: [Synth 8-3491] module 'HA' declared at 'F:/Workplace/Vivado/Nanoprocessor_Design/Nanoprocessor_Design.srcs/sources_1/imports/new/HA.vhd:34' bound to instance 'HA_0' of component 'HA' [F:/Workplace/Vivado/Nanoprocessor_Design/Nanoprocessor_Design.srcs/sources_1/imports/new/FA.vhd:56]
INFO: [Synth 8-638] synthesizing module 'HA' [F:/Workplace/Vivado/Nanoprocessor_Design/Nanoprocessor_Design.srcs/sources_1/imports/new/HA.vhd:41]
INFO: [Synth 8-256] done synthesizing module 'HA' (1#1) [F:/Workplace/Vivado/Nanoprocessor_Design/Nanoprocessor_Design.srcs/sources_1/imports/new/HA.vhd:41]
INFO: [Synth 8-3491] module 'HA' declared at 'F:/Workplace/Vivado/Nanoprocessor_Design/Nanoprocessor_Design.srcs/sources_1/imports/new/HA.vhd:34' bound to instance 'HA_1' of component 'HA' [F:/Workplace/Vivado/Nanoprocessor_Design/Nanoprocessor_Design.srcs/sources_1/imports/new/FA.vhd:62]
INFO: [Synth 8-256] done synthesizing module 'FA' (2#1) [F:/Workplace/Vivado/Nanoprocessor_Design/Nanoprocessor_Design.srcs/sources_1/imports/new/FA.vhd:42]
INFO: [Synth 8-3491] module 'FA' declared at 'F:/Workplace/Vivado/Nanoprocessor_Design/Nanoprocessor_Design.srcs/sources_1/imports/new/FA.vhd:34' bound to instance 'FA_1' of component 'FA' [F:/Workplace/Vivado/Nanoprocessor_Design/Nanoprocessor_Design.srcs/sources_1/new/Adder_3_Bit.vhd:61]
INFO: [Synth 8-3491] module 'FA' declared at 'F:/Workplace/Vivado/Nanoprocessor_Design/Nanoprocessor_Design.srcs/sources_1/imports/new/FA.vhd:34' bound to instance 'FA_2' of component 'FA' [F:/Workplace/Vivado/Nanoprocessor_Design/Nanoprocessor_Design.srcs/sources_1/new/Adder_3_Bit.vhd:68]
INFO: [Synth 8-256] done synthesizing module 'Adder_3_Bit' (3#1) [F:/Workplace/Vivado/Nanoprocessor_Design/Nanoprocessor_Design.srcs/sources_1/new/Adder_3_Bit.vhd:41]
---------------------------------------------------------------------------------
Finished Synthesize : Time (s): cpu = 00:00:01 ; elapsed = 00:00:03 . Memory (MB): peak = 436.812 ; gain = 152.152
---------------------------------------------------------------------------------
---------------------------------------------------------------------------------
Finished Constraint Validation : Time (s): cpu = 00:00:01 ; elapsed = 00:00:03 . Memory (MB): peak = 436.812 ; gain = 152.152
---------------------------------------------------------------------------------
---------------------------------------------------------------------------------
Start Loading Part and Timing Information
---------------------------------------------------------------------------------
Loading part: xc7a35tcpg236-1
---------------------------------------------------------------------------------
Finished Loading Part and Timing Information : Time (s): cpu = 00:00:01 ; elapsed = 00:00:03 . Memory (MB): peak = 436.812 ; gain = 152.152
---------------------------------------------------------------------------------
INFO: [Device 21-403] Loading part xc7a35tcpg236-1
---------------------------------------------------------------------------------
Finished RTL Optimization Phase 2 : Time (s): cpu = 00:00:01 ; elapsed = 00:00:03 . Memory (MB): peak = 436.812 ; gain = 152.152
---------------------------------------------------------------------------------

Report RTL Partitions: 
+-+--------------+------------+----------+
| |RTL Partition |Replication |Instances |
+-+--------------+------------+----------+
+-+--------------+------------+----------+
No constraint files found.
---------------------------------------------------------------------------------
Start RTL Component Statistics 
---------------------------------------------------------------------------------
Detailed RTL Component Info : 
+---XORs : 
	   2 Input      1 Bit         XORs := 6     
---------------------------------------------------------------------------------
Finished RTL Component Statistics 
---------------------------------------------------------------------------------
---------------------------------------------------------------------------------
Start RTL Hierarchical Component Statistics 
---------------------------------------------------------------------------------
Hierarchical RTL Component report 
Module HA 
Detailed RTL Component Info : 
+---XORs : 
	   2 Input      1 Bit         XORs := 1     
---------------------------------------------------------------------------------
Finished RTL Hierarchical Component Statistics
---------------------------------------------------------------------------------
---------------------------------------------------------------------------------
Start Part Resource Summary
---------------------------------------------------------------------------------
Part Resources:
DSPs: 90 (col length:60)
BRAMs: 100 (col length: RAMB18 60 RAMB36 30)
---------------------------------------------------------------------------------
Finished Part Resource Summary
---------------------------------------------------------------------------------
No constraint files found.
---------------------------------------------------------------------------------
Start Cross Boundary and Area Optimization
---------------------------------------------------------------------------------
Warning: Parallel synthesis criteria is not met 
---------------------------------------------------------------------------------
Finished Cross Boundary and Area Optimization : Time (s): cpu = 00:00:03 ; elapsed = 00:00:07 . Memory (MB): peak = 556.777 ; gain = 272.117
---------------------------------------------------------------------------------

Report RTL Partitions: 
+-+--------------+------------+----------+
| |RTL Partition |Replication |Instances |
+-+--------------+------------+----------+
+-+--------------+------------+----------+
No constraint files found.
---------------------------------------------------------------------------------
Start Timing Optimization
---------------------------------------------------------------------------------
---------------------------------------------------------------------------------
Finished Timing Optimization : Time (s): cpu = 00:00:03 ; elapsed = 00:00:07 . Memory (MB): peak = 556.777 ; gain = 272.117
---------------------------------------------------------------------------------

Report RTL Partitions: 
+-+--------------+------------+----------+
| |RTL Partition |Replication |Instances |
+-+--------------+------------+----------+
+-+--------------+------------+----------+
---------------------------------------------------------------------------------
Start Technology Mapping
---------------------------------------------------------------------------------
---------------------------------------------------------------------------------
Finished Technology Mapping : Time (s): cpu = 00:00:03 ; elapsed = 00:00:07 . Memory (MB): peak = 556.777 ; gain = 272.117
---------------------------------------------------------------------------------

Report RTL Partitions: 
+-+--------------+------------+----------+
| |RTL Partition |Replication |Instances |
+-+--------------+------------+----------+
+-+--------------+------------+----------+
---------------------------------------------------------------------------------
Start IO Insertion
---------------------------------------------------------------------------------
---------------------------------------------------------------------------------
Start Flattening Before IO Insertion
---------------------------------------------------------------------------------
---------------------------------------------------------------------------------
Finished Flattening Before IO Insertion
---------------------------------------------------------------------------------
---------------------------------------------------------------------------------
Start Final Netlist Cleanup
---------------------------------------------------------------------------------
---------------------------------------------------------------------------------
Finished Final Netlist Cleanup
---------------------------------------------------------------------------------
---------------------------------------------------------------------------------
Finished IO Insertion : Time (s): cpu = 00:00:03 ; elapsed = 00:00:07 . Memory (MB): peak = 556.777 ; gain = 272.117
---------------------------------------------------------------------------------

Report Check Netlist: 
+------+------------------+-------+---------+-------+------------------+
|      |Item              |Errors |Warnings |Status |Description       |
+------+------------------+-------+---------+-------+------------------+
|1     |multi_driven_nets |      0|        0|Passed |Multi driven nets |
+------+------------------+-------+---------+-------+------------------+
---------------------------------------------------------------------------------
Start Renaming Generated Instances
---------------------------------------------------------------------------------
---------------------------------------------------------------------------------
Finished Renaming Generated Instances : Time (s): cpu = 00:00:03 ; elapsed = 00:00:07 . Memory (MB): peak = 556.777 ; gain = 272.117
---------------------------------------------------------------------------------

Report RTL Partitions: 
+-+--------------+------------+----------+
| |RTL Partition |Replication |Instances |
+-+--------------+------------+----------+
+-+--------------+------------+----------+
---------------------------------------------------------------------------------
Start Rebuilding User Hierarchy
---------------------------------------------------------------------------------
---------------------------------------------------------------------------------
Finished Rebuilding User Hierarchy : Time (s): cpu = 00:00:03 ; elapsed = 00:00:07 . Memory (MB): peak = 556.777 ; gain = 272.117
---------------------------------------------------------------------------------
---------------------------------------------------------------------------------
Start Renaming Generated Ports
---------------------------------------------------------------------------------
---------------------------------------------------------------------------------
Finished Renaming Generated Ports : Time (s): cpu = 00:00:03 ; elapsed = 00:00:07 . Memory (MB): peak = 556.777 ; gain = 272.117
---------------------------------------------------------------------------------
---------------------------------------------------------------------------------
Start Handling Custom Attributes
---------------------------------------------------------------------------------
---------------------------------------------------------------------------------
Finished Handling Custom Attributes : Time (s): cpu = 00:00:03 ; elapsed = 00:00:07 . Memory (MB): peak = 556.777 ; gain = 272.117
---------------------------------------------------------------------------------
---------------------------------------------------------------------------------
Start Renaming Generated Nets
---------------------------------------------------------------------------------
---------------------------------------------------------------------------------
Finished Renaming Generated Nets : Time (s): cpu = 00:00:03 ; elapsed = 00:00:07 . Memory (MB): peak = 556.777 ; gain = 272.117
---------------------------------------------------------------------------------
---------------------------------------------------------------------------------
Start Writing Synthesis Report
---------------------------------------------------------------------------------

Report BlackBoxes: 
+-+--------------+----------+
| |BlackBox name |Instances |
+-+--------------+----------+
+-+--------------+----------+

Report Cell Usage: 
+------+-----+------+
|      |Cell |Count |
+------+-----+------+
|1     |LUT2 |     1|
|2     |LUT3 |     1|
|3     |LUT4 |     2|
|4     |IBUF |     4|
|5     |OBUF |     4|
+------+-----+------+

Report Instance Areas: 
+------+---------+-------+------+
|      |Instance |Module |Cells |
+------+---------+-------+------+
|1     |top      |       |    12|
+------+---------+-------+------+
---------------------------------------------------------------------------------
Finished Writing Synthesis Report : Time (s): cpu = 00:00:03 ; elapsed = 00:00:07 . Memory (MB): peak = 556.777 ; gain = 272.117
---------------------------------------------------------------------------------
Synthesis finished with 0 errors, 0 critical warnings and 0 warnings.
Synthesis Optimization Runtime : Time (s): cpu = 00:00:03 ; elapsed = 00:00:07 . Memory (MB): peak = 556.777 ; gain = 272.117
Synthesis Optimization Complete : Time (s): cpu = 00:00:03 ; elapsed = 00:00:07 . Memory (MB): peak = 556.777 ; gain = 272.117
INFO: [Project 1-571] Translating synthesized netlist
INFO: [Netlist 29-17] Analyzing 4 Unisim elements for replacement
INFO: [Netlist 29-28] Unisim Transformation completed in 0 CPU seconds
INFO: [Project 1-570] Preparing netlist for logic optimization
INFO: [Opt 31-138] Pushed 0 inverter(s) to 0 load pin(s).
INFO: [Project 1-111] Unisim Transformation Summary:
No Unisim elements were transformed.

INFO: [Common 17-83] Releasing license: Synthesis
20 Infos, 0 Warnings, 0 Critical Warnings and 0 Errors encountered.
synth_design completed successfully
synth_design: Time (s): cpu = 00:00:06 ; elapsed = 00:00:12 . Memory (MB): peak = 662.297 ; gain = 389.852
WARNING: [Constraints 18-5210] No constraint will be written out.
INFO: [Common 17-1381] The checkpoint 'F:/Workplace/Vivado/Nanoprocessor_Design/Nanoprocessor_Design.runs/synth_1/Adder_3_Bit.dcp' has been generated.
INFO: [runtcl-4] Executing : report_utilization -file Adder_3_Bit_utilization_synth.rpt -pb Adder_3_Bit_utilization_synth.pb
report_utilization: Time (s): cpu = 00:00:00 ; elapsed = 00:00:00.016 . Memory (MB): peak = 662.297 ; gain = 0.000
INFO: [Common 17-206] Exiting Vivado at Sat Jun  3 19:14:07 2023...
