
*** Running vivado
    with args -log register_bank.vds -m64 -product Vivado -mode batch -messageDb vivado.pb -notrace -source register_bank.tcl


****** Vivado v2018.1 (64-bit)
  **** SW Build 2188600 on Wed Apr  4 18:40:38 MDT 2018
  **** IP Build 2185939 on Wed Apr  4 20:55:05 MDT 2018
    ** Copyright 1986-2018 Xilinx, Inc. All Rights Reserved.

source register_bank.tcl -notrace
Command: synth_design -top register_bank -part xc7a35tcpg236-1
Starting synth_design
Attempting to get a license for feature 'Synthesis' and/or device 'xc7a35t'
INFO: [Common 17-349] Got license for feature 'Synthesis' and/or device 'xc7a35t'
INFO: Launching helper process for spawning children vivado processes
INFO: Helper process launched with PID 15036 
---------------------------------------------------------------------------------
Starting Synthesize : Time (s): cpu = 00:00:03 ; elapsed = 00:00:04 . Memory (MB): peak = 383.418 ; gain = 97.531
---------------------------------------------------------------------------------
INFO: [Synth 8-638] synthesizing module 'register_bank' [C:/Users/accha/Desktop/Nanoprocessor_Design/register_bank.srcs/sources_1/new/register_bank.vhd:41]
INFO: [Synth 8-3491] module 'Decoder_3_to_8' declared at 'C:/Users/accha/Desktop/Nanoprocessor_Design/register_bank.srcs/sources_1/imports/new/Decoder_3_to_8.vhd:34' bound to instance 'Decoder' of component 'Decoder_3_to_8' [C:/Users/accha/Desktop/Nanoprocessor_Design/register_bank.srcs/sources_1/new/register_bank.vhd:55]
INFO: [Synth 8-638] synthesizing module 'Decoder_3_to_8' [C:/Users/accha/Desktop/Nanoprocessor_Design/register_bank.srcs/sources_1/imports/new/Decoder_3_to_8.vhd:40]
INFO: [Synth 8-3491] module 'Decoder_2_to_4' declared at 'C:/Users/accha/Desktop/Nanoprocessor_Design/register_bank.srcs/sources_1/imports/new/Decoder_2_to_4.vhd:34' bound to instance 'Decoder_2_to_4_0' of component 'Decoder_2_to_4' [C:/Users/accha/Desktop/Nanoprocessor_Design/register_bank.srcs/sources_1/imports/new/Decoder_3_to_8.vhd:53]
INFO: [Synth 8-638] synthesizing module 'Decoder_2_to_4' [C:/Users/accha/Desktop/Nanoprocessor_Design/register_bank.srcs/sources_1/imports/new/Decoder_2_to_4.vhd:40]
INFO: [Synth 8-256] done synthesizing module 'Decoder_2_to_4' (1#1) [C:/Users/accha/Desktop/Nanoprocessor_Design/register_bank.srcs/sources_1/imports/new/Decoder_2_to_4.vhd:40]
INFO: [Synth 8-3491] module 'Decoder_2_to_4' declared at 'C:/Users/accha/Desktop/Nanoprocessor_Design/register_bank.srcs/sources_1/imports/new/Decoder_2_to_4.vhd:34' bound to instance 'Decoder_2_to_4_1' of component 'Decoder_2_to_4' [C:/Users/accha/Desktop/Nanoprocessor_Design/register_bank.srcs/sources_1/imports/new/Decoder_3_to_8.vhd:58]
INFO: [Synth 8-256] done synthesizing module 'Decoder_3_to_8' (2#1) [C:/Users/accha/Desktop/Nanoprocessor_Design/register_bank.srcs/sources_1/imports/new/Decoder_3_to_8.vhd:40]
INFO: [Synth 8-3491] module 'Reg' declared at 'C:/Users/accha/Desktop/Nanoprocessor_Design/register_bank.srcs/sources_1/imports/new/Reg.vhd:34' bound to instance 'Register0' of component 'Reg' [C:/Users/accha/Desktop/Nanoprocessor_Design/register_bank.srcs/sources_1/new/register_bank.vhd:62]
INFO: [Synth 8-638] synthesizing module 'Reg' [C:/Users/accha/Desktop/Nanoprocessor_Design/register_bank.srcs/sources_1/imports/new/Reg.vhd:41]
INFO: [Synth 8-256] done synthesizing module 'Reg' (3#1) [C:/Users/accha/Desktop/Nanoprocessor_Design/register_bank.srcs/sources_1/imports/new/Reg.vhd:41]
INFO: [Synth 8-3491] module 'Reg' declared at 'C:/Users/accha/Desktop/Nanoprocessor_Design/register_bank.srcs/sources_1/imports/new/Reg.vhd:34' bound to instance 'Register1' of component 'Reg' [C:/Users/accha/Desktop/Nanoprocessor_Design/register_bank.srcs/sources_1/new/register_bank.vhd:70]
INFO: [Synth 8-3491] module 'Reg' declared at 'C:/Users/accha/Desktop/Nanoprocessor_Design/register_bank.srcs/sources_1/imports/new/Reg.vhd:34' bound to instance 'Register2' of component 'Reg' [C:/Users/accha/Desktop/Nanoprocessor_Design/register_bank.srcs/sources_1/new/register_bank.vhd:78]
INFO: [Synth 8-3491] module 'Reg' declared at 'C:/Users/accha/Desktop/Nanoprocessor_Design/register_bank.srcs/sources_1/imports/new/Reg.vhd:34' bound to instance 'Register3' of component 'Reg' [C:/Users/accha/Desktop/Nanoprocessor_Design/register_bank.srcs/sources_1/new/register_bank.vhd:86]
INFO: [Synth 8-3491] module 'Reg' declared at 'C:/Users/accha/Desktop/Nanoprocessor_Design/register_bank.srcs/sources_1/imports/new/Reg.vhd:34' bound to instance 'Register4' of component 'Reg' [C:/Users/accha/Desktop/Nanoprocessor_Design/register_bank.srcs/sources_1/new/register_bank.vhd:94]
INFO: [Synth 8-3491] module 'Reg' declared at 'C:/Users/accha/Desktop/Nanoprocessor_Design/register_bank.srcs/sources_1/imports/new/Reg.vhd:34' bound to instance 'Register5' of component 'Reg' [C:/Users/accha/Desktop/Nanoprocessor_Design/register_bank.srcs/sources_1/new/register_bank.vhd:102]
INFO: [Synth 8-3491] module 'Reg' declared at 'C:/Users/accha/Desktop/Nanoprocessor_Design/register_bank.srcs/sources_1/imports/new/Reg.vhd:34' bound to instance 'Register6' of component 'Reg' [C:/Users/accha/Desktop/Nanoprocessor_Design/register_bank.srcs/sources_1/new/register_bank.vhd:110]
INFO: [Synth 8-3491] module 'Reg' declared at 'C:/Users/accha/Desktop/Nanoprocessor_Design/register_bank.srcs/sources_1/imports/new/Reg.vhd:34' bound to instance 'Register7' of component 'Reg' [C:/Users/accha/Desktop/Nanoprocessor_Design/register_bank.srcs/sources_1/new/register_bank.vhd:118]
INFO: [Synth 8-256] done synthesizing module 'register_bank' (4#1) [C:/Users/accha/Desktop/Nanoprocessor_Design/register_bank.srcs/sources_1/new/register_bank.vhd:41]
---------------------------------------------------------------------------------
Finished Synthesize : Time (s): cpu = 00:00:04 ; elapsed = 00:00:04 . Memory (MB): peak = 438.551 ; gain = 152.664
---------------------------------------------------------------------------------
---------------------------------------------------------------------------------
Finished Constraint Validation : Time (s): cpu = 00:00:04 ; elapsed = 00:00:04 . Memory (MB): peak = 438.551 ; gain = 152.664
---------------------------------------------------------------------------------
---------------------------------------------------------------------------------
Start Loading Part and Timing Information
---------------------------------------------------------------------------------
Loading part: xc7a35tcpg236-1
---------------------------------------------------------------------------------
Finished Loading Part and Timing Information : Time (s): cpu = 00:00:04 ; elapsed = 00:00:04 . Memory (MB): peak = 438.551 ; gain = 152.664
---------------------------------------------------------------------------------
INFO: [Device 21-403] Loading part xc7a35tcpg236-1
---------------------------------------------------------------------------------
Finished RTL Optimization Phase 2 : Time (s): cpu = 00:00:04 ; elapsed = 00:00:05 . Memory (MB): peak = 438.551 ; gain = 152.664
---------------------------------------------------------------------------------

Report RTL Partitions: 
+-+--------------+------------+----------+
| |RTL Partition |Replication |Instances |
+-+--------------+------------+----------+
+-+--------------+------------+----------+
No constraint files found.
---------------------------------------------------------------------------------
Start RTL Component Statistics 
---------------------------------------------------------------------------------
Detailed RTL Component Info : 
+---Registers : 
	                4 Bit    Registers := 8     
---------------------------------------------------------------------------------
Finished RTL Component Statistics 
---------------------------------------------------------------------------------
---------------------------------------------------------------------------------
Start RTL Hierarchical Component Statistics 
---------------------------------------------------------------------------------
Hierarchical RTL Component report 
Module Reg 
Detailed RTL Component Info : 
+---Registers : 
	                4 Bit    Registers := 1     
---------------------------------------------------------------------------------
Finished RTL Hierarchical Component Statistics
---------------------------------------------------------------------------------
---------------------------------------------------------------------------------
Start Part Resource Summary
---------------------------------------------------------------------------------
Part Resources:
DSPs: 90 (col length:60)
BRAMs: 100 (col length: RAMB18 60 RAMB36 30)
---------------------------------------------------------------------------------
Finished Part Resource Summary
---------------------------------------------------------------------------------
No constraint files found.
---------------------------------------------------------------------------------
Start Cross Boundary and Area Optimization
---------------------------------------------------------------------------------
Warning: Parallel synthesis criteria is not met 
---------------------------------------------------------------------------------
Finished Cross Boundary and Area Optimization : Time (s): cpu = 00:00:06 ; elapsed = 00:00:08 . Memory (MB): peak = 567.352 ; gain = 281.465
---------------------------------------------------------------------------------

Report RTL Partitions: 
+-+--------------+------------+----------+
| |RTL Partition |Replication |Instances |
+-+--------------+------------+----------+
+-+--------------+------------+----------+
No constraint files found.
---------------------------------------------------------------------------------
Start Timing Optimization
---------------------------------------------------------------------------------
---------------------------------------------------------------------------------
Finished Timing Optimization : Time (s): cpu = 00:00:06 ; elapsed = 00:00:08 . Memory (MB): peak = 567.352 ; gain = 281.465
---------------------------------------------------------------------------------

Report RTL Partitions: 
+-+--------------+------------+----------+
| |RTL Partition |Replication |Instances |
+-+--------------+------------+----------+
+-+--------------+------------+----------+
---------------------------------------------------------------------------------
Start Technology Mapping
---------------------------------------------------------------------------------
---------------------------------------------------------------------------------
Finished Technology Mapping : Time (s): cpu = 00:00:06 ; elapsed = 00:00:08 . Memory (MB): peak = 567.352 ; gain = 281.465
---------------------------------------------------------------------------------

Report RTL Partitions: 
+-+--------------+------------+----------+
| |RTL Partition |Replication |Instances |
+-+--------------+------------+----------+
+-+--------------+------------+----------+
---------------------------------------------------------------------------------
Start IO Insertion
---------------------------------------------------------------------------------
---------------------------------------------------------------------------------
Start Flattening Before IO Insertion
---------------------------------------------------------------------------------
---------------------------------------------------------------------------------
Finished Flattening Before IO Insertion
---------------------------------------------------------------------------------
---------------------------------------------------------------------------------
Start Final Netlist Cleanup
---------------------------------------------------------------------------------
---------------------------------------------------------------------------------
Finished Final Netlist Cleanup
---------------------------------------------------------------------------------
---------------------------------------------------------------------------------
Finished IO Insertion : Time (s): cpu = 00:00:07 ; elapsed = 00:00:08 . Memory (MB): peak = 567.352 ; gain = 281.465
---------------------------------------------------------------------------------

Report Check Netlist: 
+------+------------------+-------+---------+-------+------------------+
|      |Item              |Errors |Warnings |Status |Description       |
+------+------------------+-------+---------+-------+------------------+
|1     |multi_driven_nets |      0|        0|Passed |Multi driven nets |
+------+------------------+-------+---------+-------+------------------+
---------------------------------------------------------------------------------
Start Renaming Generated Instances
---------------------------------------------------------------------------------
---------------------------------------------------------------------------------
Finished Renaming Generated Instances : Time (s): cpu = 00:00:07 ; elapsed = 00:00:08 . Memory (MB): peak = 567.352 ; gain = 281.465
---------------------------------------------------------------------------------

Report RTL Partitions: 
+-+--------------+------------+----------+
| |RTL Partition |Replication |Instances |
+-+--------------+------------+----------+
+-+--------------+------------+----------+
---------------------------------------------------------------------------------
Start Rebuilding User Hierarchy
---------------------------------------------------------------------------------
---------------------------------------------------------------------------------
Finished Rebuilding User Hierarchy : Time (s): cpu = 00:00:07 ; elapsed = 00:00:08 . Memory (MB): peak = 567.352 ; gain = 281.465
---------------------------------------------------------------------------------
---------------------------------------------------------------------------------
Start Renaming Generated Ports
---------------------------------------------------------------------------------
---------------------------------------------------------------------------------
Finished Renaming Generated Ports : Time (s): cpu = 00:00:07 ; elapsed = 00:00:08 . Memory (MB): peak = 567.352 ; gain = 281.465
---------------------------------------------------------------------------------
---------------------------------------------------------------------------------
Start Handling Custom Attributes
---------------------------------------------------------------------------------
---------------------------------------------------------------------------------
Finished Handling Custom Attributes : Time (s): cpu = 00:00:07 ; elapsed = 00:00:08 . Memory (MB): peak = 567.352 ; gain = 281.465
---------------------------------------------------------------------------------
---------------------------------------------------------------------------------
Start Renaming Generated Nets
---------------------------------------------------------------------------------
---------------------------------------------------------------------------------
Finished Renaming Generated Nets : Time (s): cpu = 00:00:07 ; elapsed = 00:00:08 . Memory (MB): peak = 567.352 ; gain = 281.465
---------------------------------------------------------------------------------
---------------------------------------------------------------------------------
Start Writing Synthesis Report
---------------------------------------------------------------------------------

Report BlackBoxes: 
+-+--------------+----------+
| |BlackBox name |Instances |
+-+--------------+----------+
+-+--------------+----------+

Report Cell Usage: 
+------+-----+------+
|      |Cell |Count |
+------+-----+------+
|1     |BUFG |     1|
|2     |LUT3 |     8|
|3     |FDRE |    32|
|4     |IBUF |     8|
|5     |OBUF |    32|
+------+-----+------+

Report Instance Areas: 
+------+---------------------+-----------------+------+
|      |Instance             |Module           |Cells |
+------+---------------------+-----------------+------+
|1     |top                  |                 |    81|
|2     |  Register0          |Reg              |     4|
|3     |  Register1          |Reg_0            |     4|
|4     |  Register2          |Reg_1            |     4|
|5     |  Register3          |Reg_2            |     4|
|6     |  Register4          |Reg_3            |     4|
|7     |  Register5          |Reg_4            |     4|
|8     |  Register6          |Reg_5            |     4|
|9     |  Register7          |Reg_6            |     4|
|10    |  Decoder            |Decoder_3_to_8   |     8|
|11    |    Decoder_2_to_4_0 |Decoder_2_to_4   |     4|
|12    |    Decoder_2_to_4_1 |Decoder_2_to_4_7 |     4|
+------+---------------------+-----------------+------+
---------------------------------------------------------------------------------
Finished Writing Synthesis Report : Time (s): cpu = 00:00:07 ; elapsed = 00:00:08 . Memory (MB): peak = 567.352 ; gain = 281.465
---------------------------------------------------------------------------------
Synthesis finished with 0 errors, 0 critical warnings and 0 warnings.
Synthesis Optimization Runtime : Time (s): cpu = 00:00:07 ; elapsed = 00:00:08 . Memory (MB): peak = 567.352 ; gain = 281.465
Synthesis Optimization Complete : Time (s): cpu = 00:00:07 ; elapsed = 00:00:08 . Memory (MB): peak = 567.352 ; gain = 281.465
INFO: [Project 1-571] Translating synthesized netlist
INFO: [Netlist 29-17] Analyzing 8 Unisim elements for replacement
INFO: [Netlist 29-28] Unisim Transformation completed in 0 CPU seconds
INFO: [Project 1-570] Preparing netlist for logic optimization
INFO: [Opt 31-138] Pushed 0 inverter(s) to 0 load pin(s).
INFO: [Project 1-111] Unisim Transformation Summary:
No Unisim elements were transformed.

INFO: [Common 17-83] Releasing license: Synthesis
28 Infos, 0 Warnings, 0 Critical Warnings and 0 Errors encountered.
synth_design completed successfully
synth_design: Time (s): cpu = 00:00:10 ; elapsed = 00:00:12 . Memory (MB): peak = 674.906 ; gain = 401.301
INFO: [Common 17-1381] The checkpoint 'C:/Users/accha/Desktop/Nanoprocessor_Design/register_bank.runs/synth_1/register_bank.dcp' has been generated.
INFO: [runtcl-4] Executing : report_utilization -file register_bank_utilization_synth.rpt -pb register_bank_utilization_synth.pb
report_utilization: Time (s): cpu = 00:00:00 ; elapsed = 00:00:00.013 . Memory (MB): peak = 674.906 ; gain = 0.000
INFO: [Common 17-206] Exiting Vivado at Fri Jun  2 16:50:07 2023...

*** Running vivado
    with args -log register_bank.vds -m64 -product Vivado -mode batch -messageDb vivado.pb -notrace -source register_bank.tcl


****** Vivado v2018.1 (64-bit)
  **** SW Build 2188600 on Wed Apr  4 18:40:38 MDT 2018
  **** IP Build 2185939 on Wed Apr  4 20:55:05 MDT 2018
    ** Copyright 1986-2018 Xilinx, Inc. All Rights Reserved.

source register_bank.tcl -notrace
Command: synth_design -top register_bank -part xc7a35tcpg236-1
Starting synth_design
Attempting to get a license for feature 'Synthesis' and/or device 'xc7a35t'
INFO: [Common 17-349] Got license for feature 'Synthesis' and/or device 'xc7a35t'
INFO: Launching helper process for spawning children vivado processes
INFO: Helper process launched with PID 8272 
---------------------------------------------------------------------------------
Starting Synthesize : Time (s): cpu = 00:00:04 ; elapsed = 00:00:06 . Memory (MB): peak = 383.332 ; gain = 97.438
---------------------------------------------------------------------------------
INFO: [Synth 8-638] synthesizing module 'register_bank' [C:/Users/accha/Desktop/Nanoprocessor_Design/register_bank.srcs/sources_1/new/register_bank.vhd:41]
INFO: [Synth 8-3491] module 'Decoder_3_to_8' declared at 'C:/Users/accha/Desktop/Nanoprocessor_Design/register_bank.srcs/sources_1/imports/new/Decoder_3_to_8.vhd:34' bound to instance 'Decoder' of component 'Decoder_3_to_8' [C:/Users/accha/Desktop/Nanoprocessor_Design/register_bank.srcs/sources_1/new/register_bank.vhd:55]
INFO: [Synth 8-638] synthesizing module 'Decoder_3_to_8' [C:/Users/accha/Desktop/Nanoprocessor_Design/register_bank.srcs/sources_1/imports/new/Decoder_3_to_8.vhd:40]
INFO: [Synth 8-3491] module 'Decoder_2_to_4' declared at 'C:/Users/accha/Desktop/Nanoprocessor_Design/register_bank.srcs/sources_1/imports/new/Decoder_2_to_4.vhd:34' bound to instance 'Decoder_2_to_4_0' of component 'Decoder_2_to_4' [C:/Users/accha/Desktop/Nanoprocessor_Design/register_bank.srcs/sources_1/imports/new/Decoder_3_to_8.vhd:53]
INFO: [Synth 8-638] synthesizing module 'Decoder_2_to_4' [C:/Users/accha/Desktop/Nanoprocessor_Design/register_bank.srcs/sources_1/imports/new/Decoder_2_to_4.vhd:40]
INFO: [Synth 8-256] done synthesizing module 'Decoder_2_to_4' (1#1) [C:/Users/accha/Desktop/Nanoprocessor_Design/register_bank.srcs/sources_1/imports/new/Decoder_2_to_4.vhd:40]
INFO: [Synth 8-3491] module 'Decoder_2_to_4' declared at 'C:/Users/accha/Desktop/Nanoprocessor_Design/register_bank.srcs/sources_1/imports/new/Decoder_2_to_4.vhd:34' bound to instance 'Decoder_2_to_4_1' of component 'Decoder_2_to_4' [C:/Users/accha/Desktop/Nanoprocessor_Design/register_bank.srcs/sources_1/imports/new/Decoder_3_to_8.vhd:58]
INFO: [Synth 8-256] done synthesizing module 'Decoder_3_to_8' (2#1) [C:/Users/accha/Desktop/Nanoprocessor_Design/register_bank.srcs/sources_1/imports/new/Decoder_3_to_8.vhd:40]
INFO: [Synth 8-3491] module 'Reg' declared at 'C:/Users/accha/Desktop/Nanoprocessor_Design/register_bank.srcs/sources_1/imports/new/Reg.vhd:34' bound to instance 'Register0' of component 'Reg' [C:/Users/accha/Desktop/Nanoprocessor_Design/register_bank.srcs/sources_1/new/register_bank.vhd:62]
INFO: [Synth 8-638] synthesizing module 'Reg' [C:/Users/accha/Desktop/Nanoprocessor_Design/register_bank.srcs/sources_1/imports/new/Reg.vhd:41]
INFO: [Synth 8-256] done synthesizing module 'Reg' (3#1) [C:/Users/accha/Desktop/Nanoprocessor_Design/register_bank.srcs/sources_1/imports/new/Reg.vhd:41]
INFO: [Synth 8-3491] module 'Reg' declared at 'C:/Users/accha/Desktop/Nanoprocessor_Design/register_bank.srcs/sources_1/imports/new/Reg.vhd:34' bound to instance 'Register1' of component 'Reg' [C:/Users/accha/Desktop/Nanoprocessor_Design/register_bank.srcs/sources_1/new/register_bank.vhd:70]
INFO: [Synth 8-3491] module 'Reg' declared at 'C:/Users/accha/Desktop/Nanoprocessor_Design/register_bank.srcs/sources_1/imports/new/Reg.vhd:34' bound to instance 'Register2' of component 'Reg' [C:/Users/accha/Desktop/Nanoprocessor_Design/register_bank.srcs/sources_1/new/register_bank.vhd:78]
INFO: [Synth 8-3491] module 'Reg' declared at 'C:/Users/accha/Desktop/Nanoprocessor_Design/register_bank.srcs/sources_1/imports/new/Reg.vhd:34' bound to instance 'Register3' of component 'Reg' [C:/Users/accha/Desktop/Nanoprocessor_Design/register_bank.srcs/sources_1/new/register_bank.vhd:86]
INFO: [Synth 8-3491] module 'Reg' declared at 'C:/Users/accha/Desktop/Nanoprocessor_Design/register_bank.srcs/sources_1/imports/new/Reg.vhd:34' bound to instance 'Register4' of component 'Reg' [C:/Users/accha/Desktop/Nanoprocessor_Design/register_bank.srcs/sources_1/new/register_bank.vhd:94]
INFO: [Synth 8-3491] module 'Reg' declared at 'C:/Users/accha/Desktop/Nanoprocessor_Design/register_bank.srcs/sources_1/imports/new/Reg.vhd:34' bound to instance 'Register5' of component 'Reg' [C:/Users/accha/Desktop/Nanoprocessor_Design/register_bank.srcs/sources_1/new/register_bank.vhd:102]
INFO: [Synth 8-3491] module 'Reg' declared at 'C:/Users/accha/Desktop/Nanoprocessor_Design/register_bank.srcs/sources_1/imports/new/Reg.vhd:34' bound to instance 'Register6' of component 'Reg' [C:/Users/accha/Desktop/Nanoprocessor_Design/register_bank.srcs/sources_1/new/register_bank.vhd:110]
INFO: [Synth 8-3491] module 'Reg' declared at 'C:/Users/accha/Desktop/Nanoprocessor_Design/register_bank.srcs/sources_1/imports/new/Reg.vhd:34' bound to instance 'Register7' of component 'Reg' [C:/Users/accha/Desktop/Nanoprocessor_Design/register_bank.srcs/sources_1/new/register_bank.vhd:118]
INFO: [Synth 8-256] done synthesizing module 'register_bank' (4#1) [C:/Users/accha/Desktop/Nanoprocessor_Design/register_bank.srcs/sources_1/new/register_bank.vhd:41]
---------------------------------------------------------------------------------
Finished Synthesize : Time (s): cpu = 00:00:04 ; elapsed = 00:00:07 . Memory (MB): peak = 438.543 ; gain = 152.648
---------------------------------------------------------------------------------
---------------------------------------------------------------------------------
Finished Constraint Validation : Time (s): cpu = 00:00:04 ; elapsed = 00:00:07 . Memory (MB): peak = 438.543 ; gain = 152.648
---------------------------------------------------------------------------------
---------------------------------------------------------------------------------
Start Loading Part and Timing Information
---------------------------------------------------------------------------------
Loading part: xc7a35tcpg236-1
---------------------------------------------------------------------------------
Finished Loading Part and Timing Information : Time (s): cpu = 00:00:04 ; elapsed = 00:00:07 . Memory (MB): peak = 438.543 ; gain = 152.648
---------------------------------------------------------------------------------
INFO: [Device 21-403] Loading part xc7a35tcpg236-1
---------------------------------------------------------------------------------
Finished RTL Optimization Phase 2 : Time (s): cpu = 00:00:04 ; elapsed = 00:00:07 . Memory (MB): peak = 438.543 ; gain = 152.648
---------------------------------------------------------------------------------

Report RTL Partitions: 
+-+--------------+------------+----------+
| |RTL Partition |Replication |Instances |
+-+--------------+------------+----------+
+-+--------------+------------+----------+
No constraint files found.
---------------------------------------------------------------------------------
Start RTL Component Statistics 
---------------------------------------------------------------------------------
Detailed RTL Component Info : 
+---Registers : 
	                4 Bit    Registers := 8     
---------------------------------------------------------------------------------
Finished RTL Component Statistics 
---------------------------------------------------------------------------------
---------------------------------------------------------------------------------
Start RTL Hierarchical Component Statistics 
---------------------------------------------------------------------------------
Hierarchical RTL Component report 
Module Reg 
Detailed RTL Component Info : 
+---Registers : 
	                4 Bit    Registers := 1     
---------------------------------------------------------------------------------
Finished RTL Hierarchical Component Statistics
---------------------------------------------------------------------------------
---------------------------------------------------------------------------------
Start Part Resource Summary
---------------------------------------------------------------------------------
Part Resources:
DSPs: 90 (col length:60)
BRAMs: 100 (col length: RAMB18 60 RAMB36 30)
---------------------------------------------------------------------------------
Finished Part Resource Summary
---------------------------------------------------------------------------------
No constraint files found.
---------------------------------------------------------------------------------
Start Cross Boundary and Area Optimization
---------------------------------------------------------------------------------
Warning: Parallel synthesis criteria is not met 
---------------------------------------------------------------------------------
Finished Cross Boundary and Area Optimization : Time (s): cpu = 00:00:06 ; elapsed = 00:00:11 . Memory (MB): peak = 569.031 ; gain = 283.137
---------------------------------------------------------------------------------

Report RTL Partitions: 
+-+--------------+------------+----------+
| |RTL Partition |Replication |Instances |
+-+--------------+------------+----------+
+-+--------------+------------+----------+
No constraint files found.
---------------------------------------------------------------------------------
Start Timing Optimization
---------------------------------------------------------------------------------
---------------------------------------------------------------------------------
Finished Timing Optimization : Time (s): cpu = 00:00:06 ; elapsed = 00:00:11 . Memory (MB): peak = 569.031 ; gain = 283.137
---------------------------------------------------------------------------------

Report RTL Partitions: 
+-+--------------+------------+----------+
| |RTL Partition |Replication |Instances |
+-+--------------+------------+----------+
+-+--------------+------------+----------+
---------------------------------------------------------------------------------
Start Technology Mapping
---------------------------------------------------------------------------------
---------------------------------------------------------------------------------
Finished Technology Mapping : Time (s): cpu = 00:00:06 ; elapsed = 00:00:11 . Memory (MB): peak = 569.031 ; gain = 283.137
---------------------------------------------------------------------------------

Report RTL Partitions: 
+-+--------------+------------+----------+
| |RTL Partition |Replication |Instances |
+-+--------------+------------+----------+
+-+--------------+------------+----------+
---------------------------------------------------------------------------------
Start IO Insertion
---------------------------------------------------------------------------------
---------------------------------------------------------------------------------
Start Flattening Before IO Insertion
---------------------------------------------------------------------------------
---------------------------------------------------------------------------------
Finished Flattening Before IO Insertion
---------------------------------------------------------------------------------
---------------------------------------------------------------------------------
Start Final Netlist Cleanup
---------------------------------------------------------------------------------
---------------------------------------------------------------------------------
Finished Final Netlist Cleanup
---------------------------------------------------------------------------------
---------------------------------------------------------------------------------
Finished IO Insertion : Time (s): cpu = 00:00:07 ; elapsed = 00:00:12 . Memory (MB): peak = 569.031 ; gain = 283.137
---------------------------------------------------------------------------------

Report Check Netlist: 
+------+------------------+-------+---------+-------+------------------+
|      |Item              |Errors |Warnings |Status |Description       |
+------+------------------+-------+---------+-------+------------------+
|1     |multi_driven_nets |      0|        0|Passed |Multi driven nets |
+------+------------------+-------+---------+-------+------------------+
---------------------------------------------------------------------------------
Start Renaming Generated Instances
---------------------------------------------------------------------------------
---------------------------------------------------------------------------------
Finished Renaming Generated Instances : Time (s): cpu = 00:00:07 ; elapsed = 00:00:12 . Memory (MB): peak = 569.031 ; gain = 283.137
---------------------------------------------------------------------------------

Report RTL Partitions: 
+-+--------------+------------+----------+
| |RTL Partition |Replication |Instances |
+-+--------------+------------+----------+
+-+--------------+------------+----------+
---------------------------------------------------------------------------------
Start Rebuilding User Hierarchy
---------------------------------------------------------------------------------
---------------------------------------------------------------------------------
Finished Rebuilding User Hierarchy : Time (s): cpu = 00:00:07 ; elapsed = 00:00:12 . Memory (MB): peak = 569.031 ; gain = 283.137
---------------------------------------------------------------------------------
---------------------------------------------------------------------------------
Start Renaming Generated Ports
---------------------------------------------------------------------------------
---------------------------------------------------------------------------------
Finished Renaming Generated Ports : Time (s): cpu = 00:00:07 ; elapsed = 00:00:12 . Memory (MB): peak = 569.031 ; gain = 283.137
---------------------------------------------------------------------------------
---------------------------------------------------------------------------------
Start Handling Custom Attributes
---------------------------------------------------------------------------------
---------------------------------------------------------------------------------
Finished Handling Custom Attributes : Time (s): cpu = 00:00:07 ; elapsed = 00:00:12 . Memory (MB): peak = 569.031 ; gain = 283.137
---------------------------------------------------------------------------------
---------------------------------------------------------------------------------
Start Renaming Generated Nets
---------------------------------------------------------------------------------
---------------------------------------------------------------------------------
Finished Renaming Generated Nets : Time (s): cpu = 00:00:07 ; elapsed = 00:00:12 . Memory (MB): peak = 569.031 ; gain = 283.137
---------------------------------------------------------------------------------
---------------------------------------------------------------------------------
Start Writing Synthesis Report
---------------------------------------------------------------------------------

Report BlackBoxes: 
+-+--------------+----------+
| |BlackBox name |Instances |
+-+--------------+----------+
+-+--------------+----------+

Report Cell Usage: 
+------+-----+------+
|      |Cell |Count |
+------+-----+------+
|1     |BUFG |     1|
|2     |LUT3 |     8|
|3     |FDRE |    32|
|4     |IBUF |     8|
|5     |OBUF |    32|
+------+-----+------+

Report Instance Areas: 
+------+---------------------+-----------------+------+
|      |Instance             |Module           |Cells |
+------+---------------------+-----------------+------+
|1     |top                  |                 |    81|
|2     |  Register0          |Reg              |     4|
|3     |  Register1          |Reg_0            |     4|
|4     |  Register2          |Reg_1            |     4|
|5     |  Register3          |Reg_2            |     4|
|6     |  Register4          |Reg_3            |     4|
|7     |  Register5          |Reg_4            |     4|
|8     |  Register6          |Reg_5            |     4|
|9     |  Register7          |Reg_6            |     4|
|10    |  Decoder            |Decoder_3_to_8   |     8|
|11    |    Decoder_2_to_4_0 |Decoder_2_to_4   |     4|
|12    |    Decoder_2_to_4_1 |Decoder_2_to_4_7 |     4|
+------+---------------------+-----------------+------+
---------------------------------------------------------------------------------
Finished Writing Synthesis Report : Time (s): cpu = 00:00:07 ; elapsed = 00:00:12 . Memory (MB): peak = 569.031 ; gain = 283.137
---------------------------------------------------------------------------------
Synthesis finished with 0 errors, 0 critical warnings and 0 warnings.
Synthesis Optimization Runtime : Time (s): cpu = 00:00:07 ; elapsed = 00:00:12 . Memory (MB): peak = 569.031 ; gain = 283.137
Synthesis Optimization Complete : Time (s): cpu = 00:00:07 ; elapsed = 00:00:12 . Memory (MB): peak = 569.031 ; gain = 283.137
INFO: [Project 1-571] Translating synthesized netlist
INFO: [Netlist 29-17] Analyzing 8 Unisim elements for replacement
INFO: [Netlist 29-28] Unisim Transformation completed in 0 CPU seconds
INFO: [Project 1-570] Preparing netlist for logic optimization
INFO: [Opt 31-138] Pushed 0 inverter(s) to 0 load pin(s).
INFO: [Project 1-111] Unisim Transformation Summary:
No Unisim elements were transformed.

INFO: [Common 17-83] Releasing license: Synthesis
28 Infos, 0 Warnings, 0 Critical Warnings and 0 Errors encountered.
synth_design completed successfully
synth_design: Time (s): cpu = 00:00:08 ; elapsed = 00:00:16 . Memory (MB): peak = 676.023 ; gain = 402.461
INFO: [Common 17-1381] The checkpoint 'C:/Users/accha/Desktop/Nanoprocessor_Design/register_bank.runs/synth_1/register_bank.dcp' has been generated.
INFO: [runtcl-4] Executing : report_utilization -file register_bank_utilization_synth.rpt -pb register_bank_utilization_synth.pb
report_utilization: Time (s): cpu = 00:00:00 ; elapsed = 00:00:00.022 . Memory (MB): peak = 676.023 ; gain = 0.000
INFO: [Common 17-206] Exiting Vivado at Fri Jun  2 23:51:36 2023...

*** Running vivado
    with args -log register_bank.vds -m64 -product Vivado -mode batch -messageDb vivado.pb -notrace -source register_bank.tcl


****** Vivado v2018.1 (64-bit)
  **** SW Build 2188600 on Wed Apr  4 18:40:38 MDT 2018
  **** IP Build 2185939 on Wed Apr  4 20:55:05 MDT 2018
    ** Copyright 1986-2018 Xilinx, Inc. All Rights Reserved.

source register_bank.tcl -notrace
Command: synth_design -top register_bank -part xc7a35tcpg236-1
Starting synth_design
Attempting to get a license for feature 'Synthesis' and/or device 'xc7a35t'
INFO: [Common 17-349] Got license for feature 'Synthesis' and/or device 'xc7a35t'
INFO: Launching helper process for spawning children vivado processes
INFO: Helper process launched with PID 8736 
---------------------------------------------------------------------------------
Starting Synthesize : Time (s): cpu = 00:00:03 ; elapsed = 00:00:05 . Memory (MB): peak = 383.750 ; gain = 97.859
---------------------------------------------------------------------------------
INFO: [Synth 8-638] synthesizing module 'register_bank' [C:/Users/accha/Desktop/Nanoprocessor_Design/register_bank.srcs/sources_1/new/register_bank.vhd:41]
INFO: [Synth 8-3491] module 'Decoder_3_to_8' declared at 'C:/Users/accha/Desktop/Nanoprocessor_Design/register_bank.srcs/sources_1/imports/new/Decoder_3_to_8.vhd:34' bound to instance 'Decoder' of component 'Decoder_3_to_8' [C:/Users/accha/Desktop/Nanoprocessor_Design/register_bank.srcs/sources_1/new/register_bank.vhd:55]
INFO: [Synth 8-638] synthesizing module 'Decoder_3_to_8' [C:/Users/accha/Desktop/Nanoprocessor_Design/register_bank.srcs/sources_1/imports/new/Decoder_3_to_8.vhd:40]
INFO: [Synth 8-3491] module 'Decoder_2_to_4' declared at 'C:/Users/accha/Desktop/Nanoprocessor_Design/register_bank.srcs/sources_1/imports/new/Decoder_2_to_4.vhd:34' bound to instance 'Decoder_2_to_4_0' of component 'Decoder_2_to_4' [C:/Users/accha/Desktop/Nanoprocessor_Design/register_bank.srcs/sources_1/imports/new/Decoder_3_to_8.vhd:53]
INFO: [Synth 8-638] synthesizing module 'Decoder_2_to_4' [C:/Users/accha/Desktop/Nanoprocessor_Design/register_bank.srcs/sources_1/imports/new/Decoder_2_to_4.vhd:40]
INFO: [Synth 8-256] done synthesizing module 'Decoder_2_to_4' (1#1) [C:/Users/accha/Desktop/Nanoprocessor_Design/register_bank.srcs/sources_1/imports/new/Decoder_2_to_4.vhd:40]
INFO: [Synth 8-3491] module 'Decoder_2_to_4' declared at 'C:/Users/accha/Desktop/Nanoprocessor_Design/register_bank.srcs/sources_1/imports/new/Decoder_2_to_4.vhd:34' bound to instance 'Decoder_2_to_4_1' of component 'Decoder_2_to_4' [C:/Users/accha/Desktop/Nanoprocessor_Design/register_bank.srcs/sources_1/imports/new/Decoder_3_to_8.vhd:58]
INFO: [Synth 8-256] done synthesizing module 'Decoder_3_to_8' (2#1) [C:/Users/accha/Desktop/Nanoprocessor_Design/register_bank.srcs/sources_1/imports/new/Decoder_3_to_8.vhd:40]
INFO: [Synth 8-3491] module 'Reg' declared at 'C:/Users/accha/Desktop/Nanoprocessor_Design/register_bank.srcs/sources_1/imports/new/Reg.vhd:34' bound to instance 'Register0' of component 'Reg' [C:/Users/accha/Desktop/Nanoprocessor_Design/register_bank.srcs/sources_1/new/register_bank.vhd:62]
INFO: [Synth 8-638] synthesizing module 'Reg' [C:/Users/accha/Desktop/Nanoprocessor_Design/register_bank.srcs/sources_1/imports/new/Reg.vhd:41]
INFO: [Synth 8-256] done synthesizing module 'Reg' (3#1) [C:/Users/accha/Desktop/Nanoprocessor_Design/register_bank.srcs/sources_1/imports/new/Reg.vhd:41]
INFO: [Synth 8-3491] module 'Reg' declared at 'C:/Users/accha/Desktop/Nanoprocessor_Design/register_bank.srcs/sources_1/imports/new/Reg.vhd:34' bound to instance 'Register1' of component 'Reg' [C:/Users/accha/Desktop/Nanoprocessor_Design/register_bank.srcs/sources_1/new/register_bank.vhd:70]
INFO: [Synth 8-3491] module 'Reg' declared at 'C:/Users/accha/Desktop/Nanoprocessor_Design/register_bank.srcs/sources_1/imports/new/Reg.vhd:34' bound to instance 'Register2' of component 'Reg' [C:/Users/accha/Desktop/Nanoprocessor_Design/register_bank.srcs/sources_1/new/register_bank.vhd:78]
INFO: [Synth 8-3491] module 'Reg' declared at 'C:/Users/accha/Desktop/Nanoprocessor_Design/register_bank.srcs/sources_1/imports/new/Reg.vhd:34' bound to instance 'Register3' of component 'Reg' [C:/Users/accha/Desktop/Nanoprocessor_Design/register_bank.srcs/sources_1/new/register_bank.vhd:86]
INFO: [Synth 8-3491] module 'Reg' declared at 'C:/Users/accha/Desktop/Nanoprocessor_Design/register_bank.srcs/sources_1/imports/new/Reg.vhd:34' bound to instance 'Register4' of component 'Reg' [C:/Users/accha/Desktop/Nanoprocessor_Design/register_bank.srcs/sources_1/new/register_bank.vhd:94]
INFO: [Synth 8-3491] module 'Reg' declared at 'C:/Users/accha/Desktop/Nanoprocessor_Design/register_bank.srcs/sources_1/imports/new/Reg.vhd:34' bound to instance 'Register5' of component 'Reg' [C:/Users/accha/Desktop/Nanoprocessor_Design/register_bank.srcs/sources_1/new/register_bank.vhd:102]
INFO: [Synth 8-3491] module 'Reg' declared at 'C:/Users/accha/Desktop/Nanoprocessor_Design/register_bank.srcs/sources_1/imports/new/Reg.vhd:34' bound to instance 'Register6' of component 'Reg' [C:/Users/accha/Desktop/Nanoprocessor_Design/register_bank.srcs/sources_1/new/register_bank.vhd:110]
INFO: [Synth 8-3491] module 'Reg' declared at 'C:/Users/accha/Desktop/Nanoprocessor_Design/register_bank.srcs/sources_1/imports/new/Reg.vhd:34' bound to instance 'Register7' of component 'Reg' [C:/Users/accha/Desktop/Nanoprocessor_Design/register_bank.srcs/sources_1/new/register_bank.vhd:118]
INFO: [Synth 8-256] done synthesizing module 'register_bank' (4#1) [C:/Users/accha/Desktop/Nanoprocessor_Design/register_bank.srcs/sources_1/new/register_bank.vhd:41]
---------------------------------------------------------------------------------
Finished Synthesize : Time (s): cpu = 00:00:04 ; elapsed = 00:00:06 . Memory (MB): peak = 438.898 ; gain = 153.008
---------------------------------------------------------------------------------
---------------------------------------------------------------------------------
Finished Constraint Validation : Time (s): cpu = 00:00:04 ; elapsed = 00:00:06 . Memory (MB): peak = 438.898 ; gain = 153.008
---------------------------------------------------------------------------------
---------------------------------------------------------------------------------
Start Loading Part and Timing Information
---------------------------------------------------------------------------------
Loading part: xc7a35tcpg236-1
---------------------------------------------------------------------------------
Finished Loading Part and Timing Information : Time (s): cpu = 00:00:04 ; elapsed = 00:00:06 . Memory (MB): peak = 438.898 ; gain = 153.008
---------------------------------------------------------------------------------
INFO: [Device 21-403] Loading part xc7a35tcpg236-1
---------------------------------------------------------------------------------
Finished RTL Optimization Phase 2 : Time (s): cpu = 00:00:04 ; elapsed = 00:00:06 . Memory (MB): peak = 438.898 ; gain = 153.008
---------------------------------------------------------------------------------

Report RTL Partitions: 
+-+--------------+------------+----------+
| |RTL Partition |Replication |Instances |
+-+--------------+------------+----------+
+-+--------------+------------+----------+
No constraint files found.
---------------------------------------------------------------------------------
Start RTL Component Statistics 
---------------------------------------------------------------------------------
Detailed RTL Component Info : 
+---Registers : 
	                4 Bit    Registers := 8     
---------------------------------------------------------------------------------
Finished RTL Component Statistics 
---------------------------------------------------------------------------------
---------------------------------------------------------------------------------
Start RTL Hierarchical Component Statistics 
---------------------------------------------------------------------------------
Hierarchical RTL Component report 
Module Reg 
Detailed RTL Component Info : 
+---Registers : 
	                4 Bit    Registers := 1     
---------------------------------------------------------------------------------
Finished RTL Hierarchical Component Statistics
---------------------------------------------------------------------------------
---------------------------------------------------------------------------------
Start Part Resource Summary
---------------------------------------------------------------------------------
Part Resources:
DSPs: 90 (col length:60)
BRAMs: 100 (col length: RAMB18 60 RAMB36 30)
---------------------------------------------------------------------------------
Finished Part Resource Summary
---------------------------------------------------------------------------------
No constraint files found.
---------------------------------------------------------------------------------
Start Cross Boundary and Area Optimization
---------------------------------------------------------------------------------
Warning: Parallel synthesis criteria is not met 
---------------------------------------------------------------------------------
Finished Cross Boundary and Area Optimization : Time (s): cpu = 00:00:06 ; elapsed = 00:00:10 . Memory (MB): peak = 568.234 ; gain = 282.344
---------------------------------------------------------------------------------

Report RTL Partitions: 
+-+--------------+------------+----------+
| |RTL Partition |Replication |Instances |
+-+--------------+------------+----------+
+-+--------------+------------+----------+
No constraint files found.
---------------------------------------------------------------------------------
Start Timing Optimization
---------------------------------------------------------------------------------
---------------------------------------------------------------------------------
Finished Timing Optimization : Time (s): cpu = 00:00:06 ; elapsed = 00:00:10 . Memory (MB): peak = 568.234 ; gain = 282.344
---------------------------------------------------------------------------------

Report RTL Partitions: 
+-+--------------+------------+----------+
| |RTL Partition |Replication |Instances |
+-+--------------+------------+----------+
+-+--------------+------------+----------+
---------------------------------------------------------------------------------
Start Technology Mapping
---------------------------------------------------------------------------------
---------------------------------------------------------------------------------
Finished Technology Mapping : Time (s): cpu = 00:00:06 ; elapsed = 00:00:10 . Memory (MB): peak = 568.234 ; gain = 282.344
---------------------------------------------------------------------------------

Report RTL Partitions: 
+-+--------------+------------+----------+
| |RTL Partition |Replication |Instances |
+-+--------------+------------+----------+
+-+--------------+------------+----------+
---------------------------------------------------------------------------------
Start IO Insertion
---------------------------------------------------------------------------------
---------------------------------------------------------------------------------
Start Flattening Before IO Insertion
---------------------------------------------------------------------------------
---------------------------------------------------------------------------------
Finished Flattening Before IO Insertion
---------------------------------------------------------------------------------
---------------------------------------------------------------------------------
Start Final Netlist Cleanup
---------------------------------------------------------------------------------
---------------------------------------------------------------------------------
Finished Final Netlist Cleanup
---------------------------------------------------------------------------------
---------------------------------------------------------------------------------
Finished IO Insertion : Time (s): cpu = 00:00:06 ; elapsed = 00:00:11 . Memory (MB): peak = 568.234 ; gain = 282.344
---------------------------------------------------------------------------------

Report Check Netlist: 
+------+------------------+-------+---------+-------+------------------+
|      |Item              |Errors |Warnings |Status |Description       |
+------+------------------+-------+---------+-------+------------------+
|1     |multi_driven_nets |      0|        0|Passed |Multi driven nets |
+------+------------------+-------+---------+-------+------------------+
---------------------------------------------------------------------------------
Start Renaming Generated Instances
---------------------------------------------------------------------------------
---------------------------------------------------------------------------------
Finished Renaming Generated Instances : Time (s): cpu = 00:00:06 ; elapsed = 00:00:11 . Memory (MB): peak = 568.234 ; gain = 282.344
---------------------------------------------------------------------------------

Report RTL Partitions: 
+-+--------------+------------+----------+
| |RTL Partition |Replication |Instances |
+-+--------------+------------+----------+
+-+--------------+------------+----------+
---------------------------------------------------------------------------------
Start Rebuilding User Hierarchy
---------------------------------------------------------------------------------
---------------------------------------------------------------------------------
Finished Rebuilding User Hierarchy : Time (s): cpu = 00:00:06 ; elapsed = 00:00:11 . Memory (MB): peak = 568.234 ; gain = 282.344
---------------------------------------------------------------------------------
---------------------------------------------------------------------------------
Start Renaming Generated Ports
---------------------------------------------------------------------------------
---------------------------------------------------------------------------------
Finished Renaming Generated Ports : Time (s): cpu = 00:00:06 ; elapsed = 00:00:11 . Memory (MB): peak = 568.234 ; gain = 282.344
---------------------------------------------------------------------------------
---------------------------------------------------------------------------------
Start Handling Custom Attributes
---------------------------------------------------------------------------------
---------------------------------------------------------------------------------
Finished Handling Custom Attributes : Time (s): cpu = 00:00:06 ; elapsed = 00:00:11 . Memory (MB): peak = 568.234 ; gain = 282.344
---------------------------------------------------------------------------------
---------------------------------------------------------------------------------
Start Renaming Generated Nets
---------------------------------------------------------------------------------
---------------------------------------------------------------------------------
Finished Renaming Generated Nets : Time (s): cpu = 00:00:06 ; elapsed = 00:00:11 . Memory (MB): peak = 568.234 ; gain = 282.344
---------------------------------------------------------------------------------
---------------------------------------------------------------------------------
Start Writing Synthesis Report
---------------------------------------------------------------------------------

Report BlackBoxes: 
+-+--------------+----------+
| |BlackBox name |Instances |
+-+--------------+----------+
+-+--------------+----------+

Report Cell Usage: 
+------+-----+------+
|      |Cell |Count |
+------+-----+------+
|1     |BUFG |     1|
|2     |LUT3 |     8|
|3     |FDRE |    32|
|4     |IBUF |     8|
|5     |OBUF |    32|
+------+-----+------+

Report Instance Areas: 
+------+---------------------+-----------------+------+
|      |Instance             |Module           |Cells |
+------+---------------------+-----------------+------+
|1     |top                  |                 |    81|
|2     |  Register0          |Reg              |     4|
|3     |  Register1          |Reg_0            |     4|
|4     |  Register2          |Reg_1            |     4|
|5     |  Register3          |Reg_2            |     4|
|6     |  Register4          |Reg_3            |     4|
|7     |  Register5          |Reg_4            |     4|
|8     |  Register6          |Reg_5            |     4|
|9     |  Register7          |Reg_6            |     4|
|10    |  Decoder            |Decoder_3_to_8   |     8|
|11    |    Decoder_2_to_4_0 |Decoder_2_to_4   |     4|
|12    |    Decoder_2_to_4_1 |Decoder_2_to_4_7 |     4|
+------+---------------------+-----------------+------+
---------------------------------------------------------------------------------
Finished Writing Synthesis Report : Time (s): cpu = 00:00:06 ; elapsed = 00:00:11 . Memory (MB): peak = 568.234 ; gain = 282.344
---------------------------------------------------------------------------------
Synthesis finished with 0 errors, 0 critical warnings and 0 warnings.
Synthesis Optimization Runtime : Time (s): cpu = 00:00:06 ; elapsed = 00:00:11 . Memory (MB): peak = 568.234 ; gain = 282.344
Synthesis Optimization Complete : Time (s): cpu = 00:00:06 ; elapsed = 00:00:11 . Memory (MB): peak = 568.234 ; gain = 282.344
INFO: [Project 1-571] Translating synthesized netlist
INFO: [Netlist 29-17] Analyzing 8 Unisim elements for replacement
INFO: [Netlist 29-28] Unisim Transformation completed in 0 CPU seconds
INFO: [Project 1-570] Preparing netlist for logic optimization
INFO: [Opt 31-138] Pushed 0 inverter(s) to 0 load pin(s).
INFO: [Project 1-111] Unisim Transformation Summary:
No Unisim elements were transformed.

INFO: [Common 17-83] Releasing license: Synthesis
28 Infos, 0 Warnings, 0 Critical Warnings and 0 Errors encountered.
synth_design completed successfully
synth_design: Time (s): cpu = 00:00:08 ; elapsed = 00:00:15 . Memory (MB): peak = 676.695 ; gain = 403.098
INFO: [Common 17-1381] The checkpoint 'C:/Users/accha/Desktop/Nanoprocessor_Design/register_bank.runs/synth_1/register_bank.dcp' has been generated.
INFO: [runtcl-4] Executing : report_utilization -file register_bank_utilization_synth.rpt -pb register_bank_utilization_synth.pb
report_utilization: Time (s): cpu = 00:00:00 ; elapsed = 00:00:00.016 . Memory (MB): peak = 676.695 ; gain = 0.000
INFO: [Common 17-206] Exiting Vivado at Sat Jun  3 00:16:21 2023...
