Copyright 1986-2018 Xilinx, Inc. All Rights Reserved.
------------------------------------------------------------------------------------------
| Tool Version : Vivado v.2018.2.1 (win64) Build 2288692 Thu Jul 26 18:24:02 MDT 2018
| Date         : Tue Jun  6 14:41:24 2023
| Host         : LAPTOP-AH4SVABP running 64-bit major release  (build 9200)
| Command      : report_control_sets -verbose -file register_bank_control_sets_placed.rpt
| Design       : register_bank
| Device       : xc7a35t
------------------------------------------------------------------------------------------

Control Set Information

Table of Contents
-----------------
1. Summary
2. Histogram
3. Flip-Flop Distribution
4. Detailed Control Set Information

1. Summary
----------

+----------------------------------------------------------+-------+
|                          Status                          | Count |
+----------------------------------------------------------+-------+
| Number of unique control sets                            |     7 |
| Unused register locations in slices containing registers |     0 |
+----------------------------------------------------------+-------+


2. Histogram
------------

+--------+--------------+
| Fanout | Control Sets |
+--------+--------------+
|      8 |            7 |
+--------+--------------+


3. Flip-Flop Distribution
-------------------------

+--------------+-----------------------+------------------------+-----------------+--------------+
| Clock Enable | Synchronous Set/Reset | Asynchronous Set/Reset | Total Registers | Total Slices |
+--------------+-----------------------+------------------------+-----------------+--------------+
| No           | No                    | No                     |               0 |            0 |
| No           | No                    | Yes                    |               0 |            0 |
| No           | Yes                   | No                     |               0 |            0 |
| Yes          | No                    | No                     |              56 |            7 |
| Yes          | No                    | Yes                    |               0 |            0 |
| Yes          | Yes                   | No                     |               0 |            0 |
+--------------+-----------------------+------------------------+-----------------+--------------+


4. Detailed Control Set Information
-----------------------------------

+----------------+-------------------------------------------+------------------+------------------+----------------+
|  Clock Signal  |               Enable Signal               | Set/Reset Signal | Slice Load Count | Bel Load Count |
+----------------+-------------------------------------------+------------------+------------------+----------------+
|  Clk_IBUF_BUFG | Decoder/Decoder_2_to_4_0/Reg_EN_vector[2] |                  |                1 |              8 |
|  Clk_IBUF_BUFG | Decoder/Decoder_2_to_4_0/Reg_EN_vector[0] |                  |                1 |              8 |
|  Clk_IBUF_BUFG | Decoder/Decoder_2_to_4_1/Reg_EN_vector[1] |                  |                1 |              8 |
|  Clk_IBUF_BUFG | Decoder/Decoder_2_to_4_1/Reg_EN_vector[3] |                  |                1 |              8 |
|  Clk_IBUF_BUFG | Decoder/Decoder_2_to_4_1/Reg_EN_vector[0] |                  |                1 |              8 |
|  Clk_IBUF_BUFG | Decoder/Decoder_2_to_4_0/Reg_EN_vector[1] |                  |                1 |              8 |
|  Clk_IBUF_BUFG | Decoder/Decoder_2_to_4_1/Reg_EN_vector[2] |                  |                1 |              8 |
+----------------+-------------------------------------------+------------------+------------------+----------------+


